"../../../Engine/Content/EditorBlueprintResources/StandardMacros.uasset" 0
"../../../Engine/Content/EditorBlueprintResources/StandardMacros.uexp" 1
"E:/Unreal projects/RoguelikeThing/Content/UI/Widgets/ExpeditionObjectInteraction/ExpeditionObjectInteractionMessageWidget.uasset" 2
"E:/Unreal projects/RoguelikeThing/Content/UI/Widgets/ExpeditionObjectInteraction/ExpeditionObjectInteractionMessageWidget.uexp" 3
"E:/Unreal projects/RoguelikeThing/Content/Enumerations/HeroAnimationEnum.uasset" 4
"E:/Unreal projects/RoguelikeThing/Content/Enumerations/HeroAnimationEnum.uexp" 5
"../../../Engine/Content/BasicShapes/BasicShapeMaterial.uasset" 6
"../../../Engine/Content/BasicShapes/BasicShapeMaterial.uexp" 7
"../../../Engine/Plugins/2D/Paper2D/Content/PlaceholderTextures/DummySpriteTexture.uasset" 8
"../../../Engine/Plugins/2D/Paper2D/Content/PlaceholderTextures/DummySpriteTexture.uexp" 9
"../../../Engine/Plugins/2D/Paper2D/Content/PlaceholderTextures/DummySpriteTexture.ubulk" 10
"../../../Engine/Plugins/2D/Paper2D/Content/PlaceholderTextures/FlatNormalMap.uasset" 11
"../../../Engine/Plugins/2D/Paper2D/Content/PlaceholderTextures/FlatNormalMap.uexp" 12
"../../../Engine/Plugins/2D/Paper2D/Content/DefaultLitSpriteMaterial.uasset" 13
"../../../Engine/Plugins/2D/Paper2D/Content/DefaultLitSpriteMaterial.uexp" 14
"../../../Engine/Content/EngineMaterials/T_Default_Material_Grid_N.uasset" 15
"../../../Engine/Content/EngineMaterials/T_Default_Material_Grid_N.uexp" 16
"../../../Engine/Content/EngineMaterials/T_Default_Material_Grid_N.ubulk" 17
"../../../Engine/Content/EngineMaterials/T_Default_Material_Grid_M.uasset" 18
"../../../Engine/Content/EngineMaterials/T_Default_Material_Grid_M.uexp" 19
"../../../Engine/Content/EngineMaterials/T_Default_Material_Grid_M.ubulk" 20
"../../../Engine/Content/Functions/Engine_MaterialFunctions01/Opacity/CameraDepthFade.uasset" 21
"../../../Engine/Content/Functions/Engine_MaterialFunctions01/Opacity/CameraDepthFade.uexp" 22
"../../../Engine/Content/EngineMaterials/WorldGridMaterial.uasset" 23
"../../../Engine/Content/EngineMaterials/WorldGridMaterial.uexp" 24
"../../../Engine/Content/BasicShapes/Plane.uasset" 25
"../../../Engine/Content/BasicShapes/Plane.uexp" 26
"E:/Unreal projects/RoguelikeThing/Content/Textures/Test/IdleRight.uasset" 27
"E:/Unreal projects/RoguelikeThing/Content/Textures/Test/IdleRight.uexp" 28
"E:/Unreal projects/RoguelikeThing/Content/Sprites/Test/IdleRight/IdleRight_Sprite_0.uasset" 29
"E:/Unreal projects/RoguelikeThing/Content/Sprites/Test/IdleRight/IdleRight_Sprite_0.uexp" 30
"E:/Unreal projects/RoguelikeThing/Content/Sprites/Test/IdleRight/IdleRight_Sprite_1.uasset" 31
"E:/Unreal projects/RoguelikeThing/Content/Sprites/Test/IdleRight/IdleRight_Sprite_1.uexp" 32
"E:/Unreal projects/RoguelikeThing/Content/Sprites/Test/IdleRight/IdleRight_Sprite_2.uasset" 33
"E:/Unreal projects/RoguelikeThing/Content/Sprites/Test/IdleRight/IdleRight_Sprite_2.uexp" 34
"E:/Unreal projects/RoguelikeThing/Content/Sprites/Test/IdleRight/IdleRight_Sprite_4.uasset" 35
"E:/Unreal projects/RoguelikeThing/Content/Sprites/Test/IdleRight/IdleRight_Sprite_4.uexp" 36
"E:/Unreal projects/RoguelikeThing/Content/Sprites/Test/IdleRight/IdleRight_Sprite_5.uasset" 37
"E:/Unreal projects/RoguelikeThing/Content/Sprites/Test/IdleRight/IdleRight_Sprite_5.uexp" 38
"E:/Unreal projects/RoguelikeThing/Content/Sprites/Test/IdleRight/IdleRight_Sprite_6.uasset" 39
"E:/Unreal projects/RoguelikeThing/Content/Sprites/Test/IdleRight/IdleRight_Sprite_6.uexp" 40
"E:/Unreal projects/RoguelikeThing/Content/Sprites/Test/IdleRight/IdleRight_Sprite_3.uasset" 41
"E:/Unreal projects/RoguelikeThing/Content/Sprites/Test/IdleRight/IdleRight_Sprite_3.uexp" 42
"E:/Unreal projects/RoguelikeThing/Content/Sprites/Test/IdleRight/IdleRightPaperFlipbook.uasset" 43
"E:/Unreal projects/RoguelikeThing/Content/Sprites/Test/IdleRight/IdleRightPaperFlipbook.uexp" 44
"E:/Unreal projects/RoguelikeThing/Content/Textures/Test/OverclockingRight.uasset" 45
"E:/Unreal projects/RoguelikeThing/Content/Textures/Test/OverclockingRight.uexp" 46
"E:/Unreal projects/RoguelikeThing/Content/Sprites/Test/OverclockingRight/OverclockingRight_Sprite_0.uasset" 47
"E:/Unreal projects/RoguelikeThing/Content/Sprites/Test/OverclockingRight/OverclockingRight_Sprite_0.uexp" 48
"E:/Unreal projects/RoguelikeThing/Content/Sprites/Test/OverclockingRight/OverclockingRight_Sprite_1.uasset" 49
"E:/Unreal projects/RoguelikeThing/Content/Sprites/Test/OverclockingRight/OverclockingRight_Sprite_1.uexp" 50
"E:/Unreal projects/RoguelikeThing/Content/Sprites/Test/OverclockingRight/OverclockingRight_Sprite_10.uasset" 51
"E:/Unreal projects/RoguelikeThing/Content/Sprites/Test/OverclockingRight/OverclockingRight_Sprite_10.uexp" 52
"E:/Unreal projects/RoguelikeThing/Content/Sprites/Test/OverclockingRight/OverclockingRight_Sprite_11.uasset" 53
"E:/Unreal projects/RoguelikeThing/Content/Sprites/Test/OverclockingRight/OverclockingRight_Sprite_11.uexp" 54
"E:/Unreal projects/RoguelikeThing/Content/Sprites/Test/OverclockingRight/OverclockingRight_Sprite_12.uasset" 55
"E:/Unreal projects/RoguelikeThing/Content/Sprites/Test/OverclockingRight/OverclockingRight_Sprite_12.uexp" 56
"E:/Unreal projects/RoguelikeThing/Content/Sprites/Test/OverclockingRight/OverclockingRight_Sprite_13.uasset" 57
"E:/Unreal projects/RoguelikeThing/Content/Sprites/Test/OverclockingRight/OverclockingRight_Sprite_13.uexp" 58
"E:/Unreal projects/RoguelikeThing/Content/Sprites/Test/OverclockingRight/OverclockingRight_Sprite_14.uasset" 59
"E:/Unreal projects/RoguelikeThing/Content/Sprites/Test/OverclockingRight/OverclockingRight_Sprite_14.uexp" 60
"E:/Unreal projects/RoguelikeThing/Content/Sprites/Test/OverclockingRight/OverclockingRight_Sprite_2.uasset" 61
"E:/Unreal projects/RoguelikeThing/Content/Sprites/Test/OverclockingRight/OverclockingRight_Sprite_2.uexp" 62
"E:/Unreal projects/RoguelikeThing/Content/Sprites/Test/OverclockingRight/OverclockingRight_Sprite_4.uasset" 63
"E:/Unreal projects/RoguelikeThing/Content/Sprites/Test/OverclockingRight/OverclockingRight_Sprite_4.uexp" 64
"E:/Unreal projects/RoguelikeThing/Content/Sprites/Test/OverclockingRight/OverclockingRight_Sprite_5.uasset" 65
"E:/Unreal projects/RoguelikeThing/Content/Sprites/Test/OverclockingRight/OverclockingRight_Sprite_5.uexp" 66
"E:/Unreal projects/RoguelikeThing/Content/Sprites/Test/OverclockingRight/OverclockingRight_Sprite_6.uasset" 67
"E:/Unreal projects/RoguelikeThing/Content/Sprites/Test/OverclockingRight/OverclockingRight_Sprite_6.uexp" 68
"E:/Unreal projects/RoguelikeThing/Content/Sprites/Test/OverclockingRight/OverclockingRight_Sprite_7.uasset" 69
"E:/Unreal projects/RoguelikeThing/Content/Sprites/Test/OverclockingRight/OverclockingRight_Sprite_7.uexp" 70
"E:/Unreal projects/RoguelikeThing/Content/Sprites/Test/OverclockingRight/OverclockingRight_Sprite_8.uasset" 71
"E:/Unreal projects/RoguelikeThing/Content/Sprites/Test/OverclockingRight/OverclockingRight_Sprite_8.uexp" 72
"E:/Unreal projects/RoguelikeThing/Content/Sprites/Test/OverclockingRight/OverclockingRight_Sprite_9.uasset" 73
"E:/Unreal projects/RoguelikeThing/Content/Sprites/Test/OverclockingRight/OverclockingRight_Sprite_9.uexp" 74
"E:/Unreal projects/RoguelikeThing/Content/Sprites/Test/OverclockingRight/OverclockingRight_Sprite_3.uasset" 75
"E:/Unreal projects/RoguelikeThing/Content/Sprites/Test/OverclockingRight/OverclockingRight_Sprite_3.uexp" 76
"E:/Unreal projects/RoguelikeThing/Content/Sprites/Test/OverclockingRight/OverclockingRightPaperFlipbook.uasset" 77
"E:/Unreal projects/RoguelikeThing/Content/Sprites/Test/OverclockingRight/OverclockingRightPaperFlipbook.uexp" 78
"E:/Unreal projects/RoguelikeThing/Content/Textures/Test/StoppingRight.uasset" 79
"E:/Unreal projects/RoguelikeThing/Content/Textures/Test/StoppingRight.uexp" 80
"E:/Unreal projects/RoguelikeThing/Content/Sprites/Test/StoppingRight/StoppingRight_Sprite_3.uasset" 81
"E:/Unreal projects/RoguelikeThing/Content/Sprites/Test/StoppingRight/StoppingRight_Sprite_3.uexp" 82
"E:/Unreal projects/RoguelikeThing/Content/Textures/Test/WalkingRight.uasset" 83
"E:/Unreal projects/RoguelikeThing/Content/Textures/Test/WalkingRight.uexp" 84
"E:/Unreal projects/RoguelikeThing/Content/Sprites/Test/WalkingRight/WalkingRight_Sprite_1.uasset" 85
"E:/Unreal projects/RoguelikeThing/Content/Sprites/Test/WalkingRight/WalkingRight_Sprite_1.uexp" 86
"E:/Unreal projects/RoguelikeThing/Content/Sprites/Test/StoppingRight/StoppingRight.uasset" 87
"E:/Unreal projects/RoguelikeThing/Content/Sprites/Test/StoppingRight/StoppingRight.uexp" 88
"E:/Unreal projects/RoguelikeThing/Content/Textures/Test/TurnLeftFromMove.uasset" 89
"E:/Unreal projects/RoguelikeThing/Content/Textures/Test/TurnLeftFromMove.uexp" 90
"E:/Unreal projects/RoguelikeThing/Content/Sprites/Test/TurnLeftFromMove/TurnLeftFromMove_Sprite_0.uasset" 91
"E:/Unreal projects/RoguelikeThing/Content/Sprites/Test/TurnLeftFromMove/TurnLeftFromMove_Sprite_0.uexp" 92
"E:/Unreal projects/RoguelikeThing/Content/Sprites/Test/TurnLeftFromMove/TurnLeftFromMove_Sprite_1.uasset" 93
"E:/Unreal projects/RoguelikeThing/Content/Sprites/Test/TurnLeftFromMove/TurnLeftFromMove_Sprite_1.uexp" 94
"E:/Unreal projects/RoguelikeThing/Content/Sprites/Test/TurnLeftFromMove/TurnLeftFromMove_Sprite_4.uasset" 95
"E:/Unreal projects/RoguelikeThing/Content/Sprites/Test/TurnLeftFromMove/TurnLeftFromMove_Sprite_4.uexp" 96
"E:/Unreal projects/RoguelikeThing/Content/Sprites/Test/TurnLeftFromMove/TurnLeftFromMove_Sprite_5.uasset" 97
"E:/Unreal projects/RoguelikeThing/Content/Sprites/Test/TurnLeftFromMove/TurnLeftFromMove_Sprite_5.uexp" 98
"E:/Unreal projects/RoguelikeThing/Content/Sprites/Test/TurnLeftFromMove/TurnLeftFromMove_Sprite_6.uasset" 99
"E:/Unreal projects/RoguelikeThing/Content/Sprites/Test/TurnLeftFromMove/TurnLeftFromMove_Sprite_6.uexp" 100
"E:/Unreal projects/RoguelikeThing/Content/Sprites/Test/TurnLeftFromMove/TurnLeftFromMove_Sprite_2.uasset" 101
"E:/Unreal projects/RoguelikeThing/Content/Sprites/Test/TurnLeftFromMove/TurnLeftFromMove_Sprite_2.uexp" 102
"E:/Unreal projects/RoguelikeThing/Content/Sprites/Test/TurnLeftFromMove/TurnLeftFromMove_Sprite_8.uasset" 103
"E:/Unreal projects/RoguelikeThing/Content/Sprites/Test/TurnLeftFromMove/TurnLeftFromMove_Sprite_8.uexp" 104
"E:/Unreal projects/RoguelikeThing/Content/Sprites/Test/TurnLeftFromMove/TurnLeftFromMove_Sprite_9.uasset" 105
"E:/Unreal projects/RoguelikeThing/Content/Sprites/Test/TurnLeftFromMove/TurnLeftFromMove_Sprite_9.uexp" 106
"E:/Unreal projects/RoguelikeThing/Content/Sprites/Test/TurnLeftFromMove/TurnLeftFromMove_Sprite_3.uasset" 107
"E:/Unreal projects/RoguelikeThing/Content/Sprites/Test/TurnLeftFromMove/TurnLeftFromMove_Sprite_3.uexp" 108
"E:/Unreal projects/RoguelikeThing/Content/Sprites/Test/TurnLeftFromMove/TurnLeftFromMove_Sprite_7.uasset" 109
"E:/Unreal projects/RoguelikeThing/Content/Sprites/Test/TurnLeftFromMove/TurnLeftFromMove_Sprite_7.uexp" 110
"E:/Unreal projects/RoguelikeThing/Content/Sprites/Test/TurnLeftFromMove/TurnLeftFromMovePaperFlipbook.uasset" 111
"E:/Unreal projects/RoguelikeThing/Content/Sprites/Test/TurnLeftFromMove/TurnLeftFromMovePaperFlipbook.uexp" 112
"E:/Unreal projects/RoguelikeThing/Content/Sprites/Test/TurnLeftFromMove/TurnRightFromMovePaperFlipbook.uasset" 113
"E:/Unreal projects/RoguelikeThing/Content/Sprites/Test/TurnLeftFromMove/TurnRightFromMovePaperFlipbook.uexp" 114
"E:/Unreal projects/RoguelikeThing/Content/Sprites/Test/WalkingRight/WalkingRight_Sprite_9.uasset" 115
"E:/Unreal projects/RoguelikeThing/Content/Sprites/Test/WalkingRight/WalkingRight_Sprite_9.uexp" 116
"E:/Unreal projects/RoguelikeThing/Content/Sprites/Test/WalkingRight/WalkingRight_Sprite_8.uasset" 117
"E:/Unreal projects/RoguelikeThing/Content/Sprites/Test/WalkingRight/WalkingRight_Sprite_8.uexp" 118
"E:/Unreal projects/RoguelikeThing/Content/Sprites/Test/WalkingRight/WalkingRight_Sprite_7.uasset" 119
"E:/Unreal projects/RoguelikeThing/Content/Sprites/Test/WalkingRight/WalkingRight_Sprite_7.uexp" 120
"E:/Unreal projects/RoguelikeThing/Content/Sprites/Test/WalkingRight/WalkingRight_Sprite_6.uasset" 121
"E:/Unreal projects/RoguelikeThing/Content/Sprites/Test/WalkingRight/WalkingRight_Sprite_6.uexp" 122
"E:/Unreal projects/RoguelikeThing/Content/Sprites/Test/WalkingRight/WalkingRight_Sprite_5.uasset" 123
"E:/Unreal projects/RoguelikeThing/Content/Sprites/Test/WalkingRight/WalkingRight_Sprite_5.uexp" 124
"E:/Unreal projects/RoguelikeThing/Content/Sprites/Test/WalkingRight/WalkingRight_Sprite_4.uasset" 125
"E:/Unreal projects/RoguelikeThing/Content/Sprites/Test/WalkingRight/WalkingRight_Sprite_4.uexp" 126
"E:/Unreal projects/RoguelikeThing/Content/Sprites/Test/WalkingRight/WalkingRight_Sprite_3.uasset" 127
"E:/Unreal projects/RoguelikeThing/Content/Sprites/Test/WalkingRight/WalkingRight_Sprite_3.uexp" 128
"E:/Unreal projects/RoguelikeThing/Content/Sprites/Test/WalkingRight/WalkingRight_Sprite_0.uasset" 129
"E:/Unreal projects/RoguelikeThing/Content/Sprites/Test/WalkingRight/WalkingRight_Sprite_0.uexp" 130
"E:/Unreal projects/RoguelikeThing/Content/Sprites/Test/WalkingRight/WalkingRight_Sprite_10.uasset" 131
"E:/Unreal projects/RoguelikeThing/Content/Sprites/Test/WalkingRight/WalkingRight_Sprite_10.uexp" 132
"E:/Unreal projects/RoguelikeThing/Content/Sprites/Test/WalkingRight/WalkingRight_Sprite_11.uasset" 133
"E:/Unreal projects/RoguelikeThing/Content/Sprites/Test/WalkingRight/WalkingRight_Sprite_11.uexp" 134
"E:/Unreal projects/RoguelikeThing/Content/Sprites/Test/WalkingRight/WalkingRight_Sprite_12.uasset" 135
"E:/Unreal projects/RoguelikeThing/Content/Sprites/Test/WalkingRight/WalkingRight_Sprite_12.uexp" 136
"E:/Unreal projects/RoguelikeThing/Content/Sprites/Test/WalkingRight/WalkingRight_Sprite_13.uasset" 137
"E:/Unreal projects/RoguelikeThing/Content/Sprites/Test/WalkingRight/WalkingRight_Sprite_13.uexp" 138
"E:/Unreal projects/RoguelikeThing/Content/Sprites/Test/WalkingRight/WalkingRight_Sprite_14.uasset" 139
"E:/Unreal projects/RoguelikeThing/Content/Sprites/Test/WalkingRight/WalkingRight_Sprite_14.uexp" 140
"E:/Unreal projects/RoguelikeThing/Content/Sprites/Test/WalkingRight/WalkingRight_Sprite_15.uasset" 141
"E:/Unreal projects/RoguelikeThing/Content/Sprites/Test/WalkingRight/WalkingRight_Sprite_15.uexp" 142
"E:/Unreal projects/RoguelikeThing/Content/Sprites/Test/WalkingRight/WalkingRight_Sprite_2.uasset" 143
"E:/Unreal projects/RoguelikeThing/Content/Sprites/Test/WalkingRight/WalkingRight_Sprite_2.uexp" 144
"E:/Unreal projects/RoguelikeThing/Content/Sprites/Test/WalkingRight/WalkingRightPaperFlipbook.uasset" 145
"E:/Unreal projects/RoguelikeThing/Content/Sprites/Test/WalkingRight/WalkingRightPaperFlipbook.uexp" 146
"E:/Unreal projects/RoguelikeThing/Content/Structs/Stat/StatStruct.uasset" 147
"E:/Unreal projects/RoguelikeThing/Content/Structs/Stat/StatStruct.uexp" 148
"E:/Unreal projects/RoguelikeThing/Content/Textures/Test/Portrait.uasset" 149
"E:/Unreal projects/RoguelikeThing/Content/Textures/Test/Portrait.uexp" 150
"E:/Unreal projects/RoguelikeThing/Content/Structs/CharacterStatsStruct.uasset" 151
"E:/Unreal projects/RoguelikeThing/Content/Structs/CharacterStatsStruct.uexp" 152
"E:/Unreal projects/RoguelikeThing/Content/Textures/Buttons/QuestButton.uasset" 153
"E:/Unreal projects/RoguelikeThing/Content/Textures/Buttons/QuestButton.uexp" 154
"E:/Unreal projects/RoguelikeThing/Content/Textures/Buttons/MapButton.uasset" 155
"E:/Unreal projects/RoguelikeThing/Content/Textures/Buttons/MapButton.uexp" 156
"E:/Unreal projects/RoguelikeThing/Content/Textures/Buttons/InventoryButton.uasset" 157
"E:/Unreal projects/RoguelikeThing/Content/Textures/Buttons/InventoryButton.uexp" 158
"E:/Unreal projects/RoguelikeThing/Content/Objects/DynamicPaperSpriteActorBP.uasset" 159
"E:/Unreal projects/RoguelikeThing/Content/Objects/DynamicPaperSpriteActorBP.uexp" 160
"../../../Engine/Content/EngineMaterials/BlendFunc_DefBlend.uasset" 161
"../../../Engine/Content/EngineMaterials/BlendFunc_DefBlend.uexp" 162
"../../../Engine/Content/EngineMaterials/BlendFunc_DefBase.uasset" 163
"../../../Engine/Content/EngineMaterials/BlendFunc_DefBase.uexp" 164
"../../../Engine/Content/Functions/Engine_MaterialFunctions03/Blends/Blend_Overlay.uasset" 165
"../../../Engine/Content/Functions/Engine_MaterialFunctions03/Blends/Blend_Overlay.uexp" 166
"../../../Engine/Content/Functions/Engine_MaterialFunctions01/ImageAdjustment/SCurve.uasset" 167
"../../../Engine/Content/Functions/Engine_MaterialFunctions01/ImageAdjustment/SCurve.uexp" 168
"E:/Unreal projects/RoguelikeThing/Content/Materials/SpriteMaterial.uasset" 169
"E:/Unreal projects/RoguelikeThing/Content/Materials/SpriteMaterial.uexp" 170
"E:/Unreal projects/RoguelikeThing/Content/Objects/ExpeditionInteractionObjectBP.uasset" 171
"E:/Unreal projects/RoguelikeThing/Content/Objects/ExpeditionInteractionObjectBP.uexp" 172
"E:/Unreal projects/RoguelikeThing/Content/Objects/Room.uasset" 173
"E:/Unreal projects/RoguelikeThing/Content/Objects/Room.uexp" 174
"E:/Unreal projects/RoguelikeThing/Content/Systemic/RoomSpawner.uasset" 175
"E:/Unreal projects/RoguelikeThing/Content/Systemic/RoomSpawner.uexp" 176
"E:/Unreal projects/RoguelikeThing/Content/Textures/Inventory/InventorySlot.uasset" 177
"E:/Unreal projects/RoguelikeThing/Content/Textures/Inventory/InventorySlot.uexp" 178
"E:/Unreal projects/RoguelikeThing/Content/UI/Widgets/Inventory/InventorySlot.uasset" 179
"E:/Unreal projects/RoguelikeThing/Content/UI/Widgets/Inventory/InventorySlot.uexp" 180
"E:/Unreal projects/RoguelikeThing/Content/UI/Widgets/Inventory/Inventory.uasset" 181
"E:/Unreal projects/RoguelikeThing/Content/UI/Widgets/Inventory/Inventory.uexp" 182
"E:/Unreal projects/RoguelikeThing/Content/Systemic/InventoryItemsManager.uasset" 183
"E:/Unreal projects/RoguelikeThing/Content/Systemic/InventoryItemsManager.uexp" 184
"E:/Unreal projects/RoguelikeThing/Content/Systemic/ImageAnimator.uasset" 185
"E:/Unreal projects/RoguelikeThing/Content/Systemic/ImageAnimator.uexp" 186
"E:/Unreal projects/RoguelikeThing/Content/UI/Widgets/MessageBox.uasset" 187
"E:/Unreal projects/RoguelikeThing/Content/UI/Widgets/MessageBox.uexp" 188
"E:/Unreal projects/RoguelikeThing/Content/Textures/Buttons/SaveButton.uasset" 189
"E:/Unreal projects/RoguelikeThing/Content/Textures/Buttons/SaveButton.uexp" 190
"E:/Unreal projects/RoguelikeThing/Content/Textures/Buttons/RoomButton.uasset" 191
"E:/Unreal projects/RoguelikeThing/Content/Textures/Buttons/RoomButton.uexp" 192
"E:/Unreal projects/RoguelikeThing/Content/Textures/Buttons/RemoveChunkTopButton.uasset" 193
"E:/Unreal projects/RoguelikeThing/Content/Textures/Buttons/RemoveChunkTopButton.uexp" 194
"E:/Unreal projects/RoguelikeThing/Content/Textures/Buttons/RemoveChunkRightButton.uasset" 195
"E:/Unreal projects/RoguelikeThing/Content/Textures/Buttons/RemoveChunkRightButton.uexp" 196
"E:/Unreal projects/RoguelikeThing/Content/Textures/Buttons/RemoveChunkLeftButton.uasset" 197
"E:/Unreal projects/RoguelikeThing/Content/Textures/Buttons/RemoveChunkLeftButton.uexp" 198
"E:/Unreal projects/RoguelikeThing/Content/Textures/Buttons/RemoveChunkBottomButton.uasset" 199
"E:/Unreal projects/RoguelikeThing/Content/Textures/Buttons/RemoveChunkBottomButton.uexp" 200
"E:/Unreal projects/RoguelikeThing/Content/Textures/Buttons/NewMapButton.uasset" 201
"E:/Unreal projects/RoguelikeThing/Content/Textures/Buttons/NewMapButton.uexp" 202
"E:/Unreal projects/RoguelikeThing/Content/Textures/Buttons/LoadButton.uasset" 203
"E:/Unreal projects/RoguelikeThing/Content/Textures/Buttons/LoadButton.uexp" 204
"E:/Unreal projects/RoguelikeThing/Content/Textures/Buttons/ExpandTableUpLeftButton.uasset" 205
"E:/Unreal projects/RoguelikeThing/Content/Textures/Buttons/ExpandTableUpLeftButton.uexp" 206
"E:/Unreal projects/RoguelikeThing/Content/Textures/Buttons/ExpandTableBottomRightButton.uasset" 207
"E:/Unreal projects/RoguelikeThing/Content/Textures/Buttons/ExpandTableBottomRightButton.uexp" 208
"E:/Unreal projects/RoguelikeThing/Content/Textures/Buttons/EraserButton.uasset" 209
"E:/Unreal projects/RoguelikeThing/Content/Textures/Buttons/EraserButton.uexp" 210
"E:/Unreal projects/RoguelikeThing/Content/Textures/Buttons/DecreaseTableUpLeftButton.uasset" 211
"E:/Unreal projects/RoguelikeThing/Content/Textures/Buttons/DecreaseTableUpLeftButton.uexp" 212
"E:/Unreal projects/RoguelikeThing/Content/Textures/Buttons/DecreaseTableBottomRightButton.uasset" 213
"E:/Unreal projects/RoguelikeThing/Content/Textures/Buttons/DecreaseTableBottomRightButton.uexp" 214
"E:/Unreal projects/RoguelikeThing/Content/Textures/Buttons/CursorButton.uasset" 215
"E:/Unreal projects/RoguelikeThing/Content/Textures/Buttons/CursorButton.uexp" 216
"E:/Unreal projects/RoguelikeThing/Content/Textures/Buttons/CorridorButton.uasset" 217
"E:/Unreal projects/RoguelikeThing/Content/Textures/Buttons/CorridorButton.uexp" 218
"E:/Unreal projects/RoguelikeThing/Content/Textures/Buttons/BrushPictogram.uasset" 219
"E:/Unreal projects/RoguelikeThing/Content/Textures/Buttons/BrushPictogram.uexp" 220
"E:/Unreal projects/RoguelikeThing/Content/Textures/Buttons/AddChunkTopButton.uasset" 221
"E:/Unreal projects/RoguelikeThing/Content/Textures/Buttons/AddChunkTopButton.uexp" 222
"E:/Unreal projects/RoguelikeThing/Content/Textures/Buttons/AddChunkRightButton.uasset" 223
"E:/Unreal projects/RoguelikeThing/Content/Textures/Buttons/AddChunkRightButton.uexp" 224
"E:/Unreal projects/RoguelikeThing/Content/Textures/Buttons/AddChunkLeftButton.uasset" 225
"E:/Unreal projects/RoguelikeThing/Content/Textures/Buttons/AddChunkLeftButton.uexp" 226
"E:/Unreal projects/RoguelikeThing/Content/Textures/Buttons/AddChunkBottomButton.uasset" 227
"E:/Unreal projects/RoguelikeThing/Content/Textures/Buttons/AddChunkBottomButton.uexp" 228
"E:/Unreal projects/RoguelikeThing/Content/UI/Widgets/Abstracts/AbstractMap.uasset" 229
"E:/Unreal projects/RoguelikeThing/Content/UI/Widgets/Abstracts/AbstractMap.uexp" 230
"E:/Unreal projects/RoguelikeThing/Content/UI/Widgets/MapEditor/MapEditorMapArea/MapEditorMap.uasset" 231
"E:/Unreal projects/RoguelikeThing/Content/UI/Widgets/MapEditor/MapEditorMapArea/MapEditorMap.uexp" 232
"E:/Unreal projects/RoguelikeThing/Content/Textures/MapEditor/MapEditorHorizontalCorridor.uasset" 233
"E:/Unreal projects/RoguelikeThing/Content/Textures/MapEditor/MapEditorHorizontalCorridor.uexp" 234
"../../../Engine/Content/Functions/Engine_MaterialFunctions02/Texturing/CustomRotator.uasset" 235
"../../../Engine/Content/Functions/Engine_MaterialFunctions02/Texturing/CustomRotator.uexp" 236
"E:/Unreal projects/RoguelikeThing/Content/Textures/MapEditor/MapEditorVerticalCorridor.uasset" 237
"E:/Unreal projects/RoguelikeThing/Content/Textures/MapEditor/MapEditorVerticalCorridor.uexp" 238
"E:/Unreal projects/RoguelikeThing/Content/Textures/MapEditor/MapEditorRoom.uasset" 239
"E:/Unreal projects/RoguelikeThing/Content/Textures/MapEditor/MapEditorRoom.uexp" 240
"E:/Unreal projects/RoguelikeThing/Content/Textures/MapEditor/MapEditorCorridorAngleBR.uasset" 241
"E:/Unreal projects/RoguelikeThing/Content/Textures/MapEditor/MapEditorCorridorAngleBR.uexp" 242
"E:/Unreal projects/RoguelikeThing/Content/Textures/MapEditor/MapEditorCorridorAngleTR.uasset" 243
"E:/Unreal projects/RoguelikeThing/Content/Textures/MapEditor/MapEditorCorridorAngleTR.uexp" 244
"E:/Unreal projects/RoguelikeThing/Content/Textures/MapEditor/MapEditorCorridorAngleTL.uasset" 245
"E:/Unreal projects/RoguelikeThing/Content/Textures/MapEditor/MapEditorCorridorAngleTL.uexp" 246
"E:/Unreal projects/RoguelikeThing/Content/Textures/MapEditor/MapEditorCorridorAngleBL.uasset" 247
"E:/Unreal projects/RoguelikeThing/Content/Textures/MapEditor/MapEditorCorridorAngleBL.uexp" 248
"E:/Unreal projects/RoguelikeThing/Content/Textures/MapEditor/MapEditorCell.uasset" 249
"E:/Unreal projects/RoguelikeThing/Content/Textures/MapEditor/MapEditorCell.uexp" 250
"E:/Unreal projects/RoguelikeThing/Content/UI/Widgets/MapEditor/MapEditorMapArea/MapEditorCell.uasset" 251
"E:/Unreal projects/RoguelikeThing/Content/UI/Widgets/MapEditor/MapEditorMapArea/MapEditorCell.uexp" 252
"E:/Unreal projects/RoguelikeThing/Content/UI/Widgets/MapEditor/FormCreatingNewDatabaseFile.uasset" 253
"E:/Unreal projects/RoguelikeThing/Content/UI/Widgets/MapEditor/FormCreatingNewDatabaseFile.uexp" 254
"E:/Unreal projects/RoguelikeThing/Content/UI/Widgets/MapEditor/MapResizingForm.uasset" 255
"E:/Unreal projects/RoguelikeThing/Content/UI/Widgets/MapEditor/MapResizingForm.uexp" 256
"E:/Unreal projects/RoguelikeThing/Content/UI/Widgets/PopUpWindow.uasset" 257
"E:/Unreal projects/RoguelikeThing/Content/UI/Widgets/PopUpWindow.uexp" 258
"E:/Unreal projects/RoguelikeThing/Content/UI/Widgets/MapEditor/MapEditorMapArea/MapEditorMapTile.uasset" 259
"E:/Unreal projects/RoguelikeThing/Content/UI/Widgets/MapEditor/MapEditorMapArea/MapEditorMapTile.uexp" 260
"E:/Unreal projects/RoguelikeThing/Content/UI/Widgets/MapEditor/FormLoadingDatabaseFile/SaveFileListItem.uasset" 261
"E:/Unreal projects/RoguelikeThing/Content/UI/Widgets/MapEditor/FormLoadingDatabaseFile/SaveFileListItem.uexp" 262
"E:/Unreal projects/RoguelikeThing/Content/Interfaces/CardLoader.uasset" 263
"E:/Unreal projects/RoguelikeThing/Content/Interfaces/CardLoader.uexp" 264
"E:/Unreal projects/RoguelikeThing/Content/UI/Widgets/MapEditor/FormLoadingDatabaseFile/FormLoadingDatabaseFile.uasset" 265
"E:/Unreal projects/RoguelikeThing/Content/UI/Widgets/MapEditor/FormLoadingDatabaseFile/FormLoadingDatabaseFile.uexp" 266
"E:/Unreal projects/RoguelikeThing/Content/UI/Widgets/ShiftAndZoom/ShiftArea.uasset" 267
"E:/Unreal projects/RoguelikeThing/Content/UI/Widgets/ShiftAndZoom/ShiftArea.uexp" 268
"E:/Unreal projects/RoguelikeThing/Content/UI/Widgets/ShiftAndZoom/ShiftAndZoomArea.uasset" 269
"E:/Unreal projects/RoguelikeThing/Content/UI/Widgets/ShiftAndZoom/ShiftAndZoomArea.uexp" 270
"E:/Unreal projects/RoguelikeThing/Content/UI/Screens/MapEditor.uasset" 271
"E:/Unreal projects/RoguelikeThing/Content/UI/Screens/MapEditor.uexp" 272
"E:/Unreal projects/RoguelikeThing/Content/Textures/Test/Loading.uasset" 273
"E:/Unreal projects/RoguelikeThing/Content/Textures/Test/Loading.uexp" 274
"E:/Unreal projects/RoguelikeThing/Content/Sprites/Test/Loading/Loading_Loading_0.uasset" 275
"E:/Unreal projects/RoguelikeThing/Content/Sprites/Test/Loading/Loading_Loading_0.uexp" 276
"E:/Unreal projects/RoguelikeThing/Content/Sprites/Test/Loading/Loading_Loading_1.uasset" 277
"E:/Unreal projects/RoguelikeThing/Content/Sprites/Test/Loading/Loading_Loading_1.uexp" 278
"E:/Unreal projects/RoguelikeThing/Content/Sprites/Test/Loading/Loading_Loading_2.uasset" 279
"E:/Unreal projects/RoguelikeThing/Content/Sprites/Test/Loading/Loading_Loading_2.uexp" 280
"E:/Unreal projects/RoguelikeThing/Content/Sprites/Test/Loading/Loading_Loading_3.uasset" 281
"E:/Unreal projects/RoguelikeThing/Content/Sprites/Test/Loading/Loading_Loading_3.uexp" 282
"E:/Unreal projects/RoguelikeThing/Content/Sprites/Test/Loading/Loading_Loading_4.uasset" 283
"E:/Unreal projects/RoguelikeThing/Content/Sprites/Test/Loading/Loading_Loading_4.uexp" 284
"E:/Unreal projects/RoguelikeThing/Content/Sprites/Test/Loading/Loading_Loading_5.uasset" 285
"E:/Unreal projects/RoguelikeThing/Content/Sprites/Test/Loading/Loading_Loading_5.uexp" 286
"E:/Unreal projects/RoguelikeThing/Content/Sprites/Test/Loading/Loading_Loading_6.uasset" 287
"E:/Unreal projects/RoguelikeThing/Content/Sprites/Test/Loading/Loading_Loading_6.uexp" 288
"E:/Unreal projects/RoguelikeThing/Content/Sprites/Test/Loading/Loading_Loading_8.uasset" 289
"E:/Unreal projects/RoguelikeThing/Content/Sprites/Test/Loading/Loading_Loading_8.uexp" 290
"E:/Unreal projects/RoguelikeThing/Content/Sprites/Test/Loading/Loading_Loading_9.uasset" 291
"E:/Unreal projects/RoguelikeThing/Content/Sprites/Test/Loading/Loading_Loading_9.uexp" 292
"E:/Unreal projects/RoguelikeThing/Content/Sprites/Test/Loading/Loading_Loading_7.uasset" 293
"E:/Unreal projects/RoguelikeThing/Content/Sprites/Test/Loading/Loading_Loading_7.uexp" 294
"E:/Unreal projects/RoguelikeThing/Content/Sprites/Test/Loading/LoadingFlipbook.uasset" 295
"E:/Unreal projects/RoguelikeThing/Content/Sprites/Test/Loading/LoadingFlipbook.uexp" 296
"E:/Unreal projects/RoguelikeThing/Content/UI/Widgets/Loading.uasset" 297
"E:/Unreal projects/RoguelikeThing/Content/UI/Widgets/Loading.uexp" 298
"E:/Unreal projects/RoguelikeThing/Content/Cinematics/FadeEffect.uasset" 299
"E:/Unreal projects/RoguelikeThing/Content/Cinematics/FadeEffect.uexp" 300
"E:/Unreal projects/RoguelikeThing/Content/PlayerControllers/MyPlayerController.uasset" 301
"E:/Unreal projects/RoguelikeThing/Content/PlayerControllers/MyPlayerController.uexp" 302
"E:/Unreal projects/RoguelikeThing/Content/GameMods/StandardGameMod.uasset" 303
"E:/Unreal projects/RoguelikeThing/Content/GameMods/StandardGameMod.uexp" 304
"E:/Unreal projects/RoguelikeThing/Content/Textures/Pictograms/Stats/SpeedPictogram.uasset" 305
"E:/Unreal projects/RoguelikeThing/Content/Textures/Pictograms/Stats/SpeedPictogram.uexp" 306
"E:/Unreal projects/RoguelikeThing/Content/Textures/Pictograms/Stats/MadnessResistance.uasset" 307
"E:/Unreal projects/RoguelikeThing/Content/Textures/Pictograms/Stats/MadnessResistance.uexp" 308
"E:/Unreal projects/RoguelikeThing/Content/Textures/Pictograms/Stats/InjuryResistance.uasset" 309
"E:/Unreal projects/RoguelikeThing/Content/Textures/Pictograms/Stats/InjuryResistance.uexp" 310
"E:/Unreal projects/RoguelikeThing/Content/Textures/Pictograms/Stats/FreezeResistance.uasset" 311
"E:/Unreal projects/RoguelikeThing/Content/Textures/Pictograms/Stats/FreezeResistance.uexp" 312
"E:/Unreal projects/RoguelikeThing/Content/Textures/Pictograms/Stats/EvasionPictogram.uasset" 313
"E:/Unreal projects/RoguelikeThing/Content/Textures/Pictograms/Stats/EvasionPictogram.uexp" 314
"E:/Unreal projects/RoguelikeThing/Content/Textures/Pictograms/Stats/ElectrificationResistance.uasset" 315
"E:/Unreal projects/RoguelikeThing/Content/Textures/Pictograms/Stats/ElectrificationResistance.uexp" 316
"E:/Unreal projects/RoguelikeThing/Content/Textures/Pictograms/Stats/DiseaseResistance.uasset" 317
"E:/Unreal projects/RoguelikeThing/Content/Textures/Pictograms/Stats/DiseaseResistance.uexp" 318
"E:/Unreal projects/RoguelikeThing/Content/Textures/Pictograms/Stats/DefenseAgainstMagic.uasset" 319
"E:/Unreal projects/RoguelikeThing/Content/Textures/Pictograms/Stats/DefenseAgainstMagic.uexp" 320
"E:/Unreal projects/RoguelikeThing/Content/Textures/Pictograms/Stats/DefenseAgainstLightning.uasset" 321
"E:/Unreal projects/RoguelikeThing/Content/Textures/Pictograms/Stats/DefenseAgainstLightning.uexp" 322
"E:/Unreal projects/RoguelikeThing/Content/Textures/Pictograms/Stats/DefenseAgainstFrost.uasset" 323
"E:/Unreal projects/RoguelikeThing/Content/Textures/Pictograms/Stats/DefenseAgainstFrost.uexp" 324
"E:/Unreal projects/RoguelikeThing/Content/Textures/Pictograms/Stats/DefenseAgainstFire.uasset" 325
"E:/Unreal projects/RoguelikeThing/Content/Textures/Pictograms/Stats/DefenseAgainstFire.uexp" 326
"E:/Unreal projects/RoguelikeThing/Content/Textures/Pictograms/Stats/DamagePictogram.uasset" 327
"E:/Unreal projects/RoguelikeThing/Content/Textures/Pictograms/Stats/DamagePictogram.uexp" 328
"E:/Unreal projects/RoguelikeThing/Content/Textures/Pictograms/Stats/CritPictogram.uasset" 329
"E:/Unreal projects/RoguelikeThing/Content/Textures/Pictograms/Stats/CritPictogram.uexp" 330
"E:/Unreal projects/RoguelikeThing/Content/Textures/Pictograms/Stats/BurnResistance.uasset" 331
"E:/Unreal projects/RoguelikeThing/Content/Textures/Pictograms/Stats/BurnResistance.uexp" 332
"E:/Unreal projects/RoguelikeThing/Content/Textures/Pictograms/Stats/ArmorPictogram.uasset" 333
"E:/Unreal projects/RoguelikeThing/Content/Textures/Pictograms/Stats/ArmorPictogram.uexp" 334
"E:/Unreal projects/RoguelikeThing/Content/Textures/Pictograms/Stats/AccuracyPictogram.uasset" 335
"E:/Unreal projects/RoguelikeThing/Content/Textures/Pictograms/Stats/AccuracyPictogram.uexp" 336
"E:/Unreal projects/RoguelikeThing/Content/Textures/Pictograms/Parameters/PsychePictogram.uasset" 337
"E:/Unreal projects/RoguelikeThing/Content/Textures/Pictograms/Parameters/PsychePictogram.uexp" 338
"E:/Unreal projects/RoguelikeThing/Content/Textures/Pictograms/Parameters/ManaPictogram.uasset" 339
"E:/Unreal projects/RoguelikeThing/Content/Textures/Pictograms/Parameters/ManaPictogram.uexp" 340
"E:/Unreal projects/RoguelikeThing/Content/Textures/Pictograms/Parameters/HealthPictogram.uasset" 341
"E:/Unreal projects/RoguelikeThing/Content/Textures/Pictograms/Parameters/HealthPictogram.uexp" 342
"E:/Unreal projects/RoguelikeThing/Content/Textures/Pictograms/Parameters/EndurancePictogram.uasset" 343
"E:/Unreal projects/RoguelikeThing/Content/Textures/Pictograms/Parameters/EndurancePictogram.uexp" 344
"E:/Unreal projects/RoguelikeThing/Content/Textures/Buttons/WaitButton.uasset" 345
"E:/Unreal projects/RoguelikeThing/Content/Textures/Buttons/WaitButton.uexp" 346
"E:/Unreal projects/RoguelikeThing/Content/Textures/Buttons/SwapButton.uasset" 347
"E:/Unreal projects/RoguelikeThing/Content/Textures/Buttons/SwapButton.uexp" 348
"E:/Unreal projects/RoguelikeThing/Content/Textures/Buttons/Arrow.uasset" 349
"E:/Unreal projects/RoguelikeThing/Content/Textures/Buttons/Arrow.uexp" 350
"E:/Unreal projects/RoguelikeThing/Content/Textures/Buttons/RotateArrow.uasset" 351
"E:/Unreal projects/RoguelikeThing/Content/Textures/Buttons/RotateArrow.uexp" 352
"E:/Unreal projects/RoguelikeThing/Content/Textures/Buttons/EmptyButton.uasset" 353
"E:/Unreal projects/RoguelikeThing/Content/Textures/Buttons/EmptyButton.uexp" 354
"E:/Unreal projects/RoguelikeThing/Content/Textures/Buttons/DefendButton.uasset" 355
"E:/Unreal projects/RoguelikeThing/Content/Textures/Buttons/DefendButton.uexp" 356
"E:/Unreal projects/RoguelikeThing/Content/UI/Widgets/ExpeditionWindowFooter/CharacterStats/CharacterStatsReverse.uasset" 357
"E:/Unreal projects/RoguelikeThing/Content/UI/Widgets/ExpeditionWindowFooter/CharacterStats/CharacterStatsReverse.uexp" 358
"E:/Unreal projects/RoguelikeThing/Content/UI/Widgets/ExpeditionWindowFooter/CharacterStats/CharacterStats.uasset" 359
"E:/Unreal projects/RoguelikeThing/Content/UI/Widgets/ExpeditionWindowFooter/CharacterStats/CharacterStats.uexp" 360
"E:/Unreal projects/RoguelikeThing/Content/UI/Widgets/ExpeditionWindowFooter/ExpeditionWindowFooter.uasset" 361
"E:/Unreal projects/RoguelikeThing/Content/UI/Widgets/ExpeditionWindowFooter/ExpeditionWindowFooter.uexp" 362
"E:/Unreal projects/RoguelikeThing/Content/Textures/Test/Door.uasset" 363
"E:/Unreal projects/RoguelikeThing/Content/Textures/Test/Door.uexp" 364
"E:/Unreal projects/RoguelikeThing/Content/Sprites/Test/Door.uasset" 365
"E:/Unreal projects/RoguelikeThing/Content/Sprites/Test/Door.uexp" 366
"E:/Unreal projects/RoguelikeThing/Content/Objects/Corridor.uasset" 367
"E:/Unreal projects/RoguelikeThing/Content/Objects/Corridor.uexp" 368
"E:/Unreal projects/RoguelikeThing/Content/Systemic/ExpeditionGameManager.uasset" 369
"E:/Unreal projects/RoguelikeThing/Content/Systemic/ExpeditionGameManager.uexp" 370
"E:/Unreal projects/RoguelikeThing/Content/Textures/Test/EmptyTexture.uasset" 371
"E:/Unreal projects/RoguelikeThing/Content/Textures/Test/EmptyTexture.uexp" 372
"E:/Unreal projects/RoguelikeThing/Content/UI/Widgets/Map/MiniMap_Test.uasset" 373
"E:/Unreal projects/RoguelikeThing/Content/UI/Widgets/Map/MiniMap_Test.uexp" 374
"E:/Unreal projects/RoguelikeThing/Content/UI/Widgets/QuestList/QuestCategory.uasset" 375
"E:/Unreal projects/RoguelikeThing/Content/UI/Widgets/QuestList/QuestCategory.uexp" 376
"E:/Unreal projects/RoguelikeThing/Content/UI/Widgets/QuestList/QuestList.uasset" 377
"E:/Unreal projects/RoguelikeThing/Content/UI/Widgets/QuestList/QuestList.uexp" 378
"E:/Unreal projects/RoguelikeThing/Content/UI/Widgets/ExpeditionWindowFooter/SwitchableMenu/SwitchableMenuReverse.uasset" 379
"E:/Unreal projects/RoguelikeThing/Content/UI/Widgets/ExpeditionWindowFooter/SwitchableMenu/SwitchableMenuReverse.uexp" 380
"E:/Unreal projects/RoguelikeThing/Content/Textures/MiniMap/PartyIndicator.uasset" 381
"E:/Unreal projects/RoguelikeThing/Content/Textures/MiniMap/PartyIndicator.uexp" 382
"E:/Unreal projects/RoguelikeThing/Content/Textures/MiniMap/VerticalCorridorWithParty.uasset" 383
"E:/Unreal projects/RoguelikeThing/Content/Textures/MiniMap/VerticalCorridorWithParty.uexp" 384
"E:/Unreal projects/RoguelikeThing/Content/Textures/MiniMap/RoomWithParty.uasset" 385
"E:/Unreal projects/RoguelikeThing/Content/Textures/MiniMap/RoomWithParty.uexp" 386
"E:/Unreal projects/RoguelikeThing/Content/Textures/MiniMap/HorizontalCorridorWithParty.uasset" 387
"E:/Unreal projects/RoguelikeThing/Content/Textures/MiniMap/HorizontalCorridorWithParty.uexp" 388
"E:/Unreal projects/RoguelikeThing/Content/Textures/MiniMap/CorridorAngleTRWithParty.uasset" 389
"E:/Unreal projects/RoguelikeThing/Content/Textures/MiniMap/CorridorAngleTRWithParty.uexp" 390
"E:/Unreal projects/RoguelikeThing/Content/Textures/MiniMap/CorridorAngleTLWithParty.uasset" 391
"E:/Unreal projects/RoguelikeThing/Content/Textures/MiniMap/CorridorAngleTLWithParty.uexp" 392
"E:/Unreal projects/RoguelikeThing/Content/Textures/MiniMap/CorridorAngleBRWithParty.uasset" 393
"E:/Unreal projects/RoguelikeThing/Content/Textures/MiniMap/CorridorAngleBRWithParty.uexp" 394
"E:/Unreal projects/RoguelikeThing/Content/Textures/MiniMap/CorridorAngleBLWithParty.uasset" 395
"E:/Unreal projects/RoguelikeThing/Content/Textures/MiniMap/CorridorAngleBLWithParty.uexp" 396
"E:/Unreal projects/RoguelikeThing/Content/Enumerations/CorridorOrientation.uasset" 397
"E:/Unreal projects/RoguelikeThing/Content/Enumerations/CorridorOrientation.uexp" 398
"E:/Unreal projects/RoguelikeThing/Content/UI/Widgets/MiniMap/MiniMapCell.uasset" 399
"E:/Unreal projects/RoguelikeThing/Content/UI/Widgets/MiniMap/MiniMapCell.uexp" 400
"E:/Unreal projects/RoguelikeThing/Content/UI/Widgets/MiniMap/MiniMap.uasset" 401
"E:/Unreal projects/RoguelikeThing/Content/UI/Widgets/MiniMap/MiniMap.uexp" 402
"E:/Unreal projects/RoguelikeThing/Content/UI/Widgets/ExpeditionWindowFooter/SwitchableMenu/SwitchableMenu.uasset" 403
"E:/Unreal projects/RoguelikeThing/Content/UI/Widgets/ExpeditionWindowFooter/SwitchableMenu/SwitchableMenu.uexp" 404
"E:/Unreal projects/RoguelikeThing/Content/Textures/Pictograms/TorchPictogram.uasset" 405
"E:/Unreal projects/RoguelikeThing/Content/Textures/Pictograms/TorchPictogram.uexp" 406
"E:/Unreal projects/RoguelikeThing/Content/UI/Widgets/ExpeditionWindowHeader.uasset" 407
"E:/Unreal projects/RoguelikeThing/Content/UI/Widgets/ExpeditionWindowHeader.uexp" 408
"E:/Unreal projects/RoguelikeThing/Content/UI/Screens/ExpeditionWindow.uasset" 409
"E:/Unreal projects/RoguelikeThing/Content/UI/Screens/ExpeditionWindow.uexp" 410
"E:/Unreal projects/RoguelikeThing/Content/Textures/Test/HeroChoiceBorder.uasset" 411
"E:/Unreal projects/RoguelikeThing/Content/Textures/Test/HeroChoiceBorder.uexp" 412
"E:/Unreal projects/RoguelikeThing/Content/UI/Widgets/Hero/HeroChoiceBorder.uasset" 413
"E:/Unreal projects/RoguelikeThing/Content/UI/Widgets/Hero/HeroChoiceBorder.uexp" 414
"E:/Unreal projects/RoguelikeThing/Content/UI/Widgets/Hero/BottomHeroBar.uasset" 415
"E:/Unreal projects/RoguelikeThing/Content/UI/Widgets/Hero/BottomHeroBar.uexp" 416
"E:/Unreal projects/RoguelikeThing/Content/Objects/Hero.uasset" 417
"E:/Unreal projects/RoguelikeThing/Content/Objects/Hero.uexp" 418
"../../../Engine/Content/EngineLightProfiles/180Degree_IES.uasset" 419
"../../../Engine/Content/EngineLightProfiles/180Degree_IES.uexp" 420
"E:/Unreal projects/RoguelikeThing/Content/Objects/Party.uasset" 421
"E:/Unreal projects/RoguelikeThing/Content/Objects/Party.uexp" 422
"E:/Unreal projects/RoguelikeThing/Content/Systemic/InteractionObjectManager.uasset" 423
"E:/Unreal projects/RoguelikeThing/Content/Systemic/InteractionObjectManager.uexp" 424
"E:/Unreal projects/RoguelikeThing/Content/UI/Widgets/ExpeditionObjectInteraction/ExpeditionObjectInteractionWidget.uasset" 425
"E:/Unreal projects/RoguelikeThing/Content/UI/Widgets/ExpeditionObjectInteraction/ExpeditionObjectInteractionWidget.uexp" 426
"E:/Unreal projects/RoguelikeThing/Content/BPGameInstance.uasset" 427
"E:/Unreal projects/RoguelikeThing/Content/BPGameInstance.uexp" 428
"E:/Unreal projects/RoguelikeThing/Content/Systemic/CorridorSpawner.uasset" 429
"E:/Unreal projects/RoguelikeThing/Content/Systemic/CorridorSpawner.uexp" 430
"E:/Unreal projects/RoguelikeThing/Content/GameMods/GameModOnlyUI.uasset" 431
"E:/Unreal projects/RoguelikeThing/Content/GameMods/GameModOnlyUI.uexp" 432
"E:/Unreal projects/RoguelikeThing/Content/Materials/TestMaterial.uasset" 433
"E:/Unreal projects/RoguelikeThing/Content/Materials/TestMaterial.uexp" 434
"E:/Unreal projects/RoguelikeThing/Content/Textures/Test/DowerChest.uasset" 435
"E:/Unreal projects/RoguelikeThing/Content/Textures/Test/DowerChest.uexp" 436
"E:/Unreal projects/RoguelikeThing/Content/Sprites/Test/DowerChest.uasset" 437
"E:/Unreal projects/RoguelikeThing/Content/Sprites/Test/DowerChest.uexp" 438
"E:/Unreal projects/RoguelikeThing/Content/Textures/Test/OpenDowerChest.uasset" 439
"E:/Unreal projects/RoguelikeThing/Content/Textures/Test/OpenDowerChest.uexp" 440
"E:/Unreal projects/RoguelikeThing/Content/Sprites/Test/OpenDowerChest.uasset" 441
"E:/Unreal projects/RoguelikeThing/Content/Sprites/Test/OpenDowerChest.uexp" 442
"E:/Unreal projects/RoguelikeThing/Content/Sprites/Test/StoppingRight/StoppingRight_Sprite_0.uasset" 443
"E:/Unreal projects/RoguelikeThing/Content/Sprites/Test/StoppingRight/StoppingRight_Sprite_0.uexp" 444
"E:/Unreal projects/RoguelikeThing/Content/Sprites/Test/StoppingRight/StoppingRight_Sprite_1.uasset" 445
"E:/Unreal projects/RoguelikeThing/Content/Sprites/Test/StoppingRight/StoppingRight_Sprite_1.uexp" 446
"E:/Unreal projects/RoguelikeThing/Content/Sprites/Test/StoppingRight/StoppingRight_Sprite_2.uasset" 447
"E:/Unreal projects/RoguelikeThing/Content/Sprites/Test/StoppingRight/StoppingRight_Sprite_2.uexp" 448
"E:/Unreal projects/RoguelikeThing/Content/Sprites/Test/StoppingRight/StoppingRight_Sprite_4.uasset" 449
"E:/Unreal projects/RoguelikeThing/Content/Sprites/Test/StoppingRight/StoppingRight_Sprite_4.uexp" 450
"E:/Unreal projects/RoguelikeThing/Content/Sprites/Test/StoppingRight/StoppingRight_Sprite_5.uasset" 451
"E:/Unreal projects/RoguelikeThing/Content/Sprites/Test/StoppingRight/StoppingRight_Sprite_5.uexp" 452
"E:/Unreal projects/RoguelikeThing/Content/Sprites/Test/StoppingRight/StoppingRight_Sprite_6.uasset" 453
"E:/Unreal projects/RoguelikeThing/Content/Sprites/Test/StoppingRight/StoppingRight_Sprite_6.uexp" 454
"E:/Unreal projects/RoguelikeThing/Content/Sprites/Test/StoppingRight/StoppingRight_Sprite_7.uasset" 455
"E:/Unreal projects/RoguelikeThing/Content/Sprites/Test/StoppingRight/StoppingRight_Sprite_7.uexp" 456
"E:/Unreal projects/RoguelikeThing/Content/Textures/Pictograms/ThreatPictogram.uasset" 457
"E:/Unreal projects/RoguelikeThing/Content/Textures/Pictograms/ThreatPictogram.uexp" 458
"../../../Engine/Content/ArtTools/RenderToTexture/Meshes/S_1_Unit_Plane.uasset" 459
"../../../Engine/Content/ArtTools/RenderToTexture/Meshes/S_1_Unit_Plane.uexp" 460
"../../../Engine/Content/EngineMaterials/DefaultMaterial.uasset" 461
"../../../Engine/Content/EngineMaterials/DefaultMaterial.uexp" 462
"../../../Engine/Content/BasicShapes/Cone.uasset" 463
"../../../Engine/Content/BasicShapes/Cone.uexp" 464
"../../../Engine/Content/BasicShapes/Cube.uasset" 465
"../../../Engine/Content/BasicShapes/Cube.uexp" 466
"../../../Engine/Content/BasicShapes/Sphere.uasset" 467
"../../../Engine/Content/BasicShapes/Sphere.uexp" 468
"../../../Engine/Content/EditorLandscapeResources/DataLayer.uasset" 469
"../../../Engine/Content/EditorLandscapeResources/DataLayer.uexp" 470
"../../../Engine/Content/EditorLandscapeResources/DefaultAlphaTexture.uasset" 471
"../../../Engine/Content/EditorLandscapeResources/DefaultAlphaTexture.uexp" 472
"../../../Engine/Content/EditorMaterials/MAT_Groups_Toggle.uasset" 473
"../../../Engine/Content/EditorMaterials/MAT_Groups_Toggle.uexp" 474
"../../../Engine/Content/EditorMaterials/MAT_Groups_Visibility.uasset" 475
"../../../Engine/Content/EditorMaterials/MAT_Groups_Visibility.uexp" 476
"../../../Engine/Content/EditorMaterials/PreviewShadowIndicator.uasset" 477
"../../../Engine/Content/EditorMaterials/PreviewShadowIndicator.uexp" 478
"../../../Engine/Content/EditorMaterials/PreviewShadowIndicator.ubulk" 479
"../../../Engine/Content/EditorMaterials/PreviewShadowIndicatorMaterial.uasset" 480
"../../../Engine/Content/EditorMaterials/PreviewShadowIndicatorMaterial.uexp" 481
"../../../Engine/Content/EditorMaterials/MatineeGroups/MAT_ColorTrack.uasset" 482
"../../../Engine/Content/EditorMaterials/MatineeGroups/MAT_ColorTrack.uexp" 483
"../../../Engine/Content/EditorMaterials/MatineeGroups/MAT_Groups_Anim.uasset" 484
"../../../Engine/Content/EditorMaterials/MatineeGroups/MAT_Groups_Anim.uexp" 485
"../../../Engine/Content/EditorMaterials/MatineeGroups/MAT_Groups_AudioMaster.uasset" 486
"../../../Engine/Content/EditorMaterials/MatineeGroups/MAT_Groups_AudioMaster.uexp" 487
"../../../Engine/Content/EditorMaterials/MatineeGroups/MAT_Groups_Director.uasset" 488
"../../../Engine/Content/EditorMaterials/MatineeGroups/MAT_Groups_Director.uexp" 489
"../../../Engine/Content/EditorMaterials/MatineeGroups/MAT_Groups_Event.uasset" 490
"../../../Engine/Content/EditorMaterials/MatineeGroups/MAT_Groups_Event.uexp" 491
"../../../Engine/Content/EditorMaterials/MatineeGroups/MAT_Groups_Fade.uasset" 492
"../../../Engine/Content/EditorMaterials/MatineeGroups/MAT_Groups_Fade.uexp" 493
"../../../Engine/Content/EditorMaterials/MatineeGroups/MAT_Groups_Float.uasset" 494
"../../../Engine/Content/EditorMaterials/MatineeGroups/MAT_Groups_Float.uexp" 495
"../../../Engine/Content/EditorMaterials/MatineeGroups/MAT_Groups_Move.uasset" 496
"../../../Engine/Content/EditorMaterials/MatineeGroups/MAT_Groups_Move.uexp" 497
"../../../Engine/Content/EditorMaterials/MatineeGroups/MAT_Groups_Slomo.uasset" 498
"../../../Engine/Content/EditorMaterials/MatineeGroups/MAT_Groups_Slomo.uexp" 499
"../../../Engine/Content/EditorMaterials/MatineeGroups/MAT_Groups_Sound.uasset" 500
"../../../Engine/Content/EditorMaterials/MatineeGroups/MAT_Groups_Sound.uexp" 501
"../../../Engine/Content/EditorMaterials/MatineeGroups/MAT_Groups_Vector.uasset" 502
"../../../Engine/Content/EditorMaterials/MatineeGroups/MAT_Groups_Vector.uexp" 503
"../../../Engine/Content/EditorMaterials/ParticleSystems/PSysThumbnail_NoImage.uasset" 504
"../../../Engine/Content/EditorMaterials/ParticleSystems/PSysThumbnail_NoImage.uexp" 505
"../../../Engine/Content/EditorMaterials/ParticleSystems/PSysThumbnail_NoImage.ubulk" 506
"../../../Engine/Content/EditorMaterials/ParticleSystems/PSysThumbnail_OOD.uasset" 507
"../../../Engine/Content/EditorMaterials/ParticleSystems/PSysThumbnail_OOD.uexp" 508
"../../../Engine/Content/EditorMaterials/ParticleSystems/PSysThumbnail_OOD.ubulk" 509
"../../../Engine/Content/EditorMaterials/Camera/CineMat.uasset" 510
"../../../Engine/Content/EditorMaterials/Camera/CineMat.uexp" 511
"../../../Engine/Content/EditorMaterials/Camera/MI_CineMat_Rig.uasset" 512
"../../../Engine/Content/EditorMaterials/Camera/MI_CineMat_Rig.uexp" 513
"../../../Engine/Content/EditorMeshes/Camera/SM_CraneRig_Arm.uasset" 514
"../../../Engine/Content/EditorMeshes/Camera/SM_CraneRig_Arm.uexp" 515
"../../../Engine/Content/EditorMeshes/Camera/SM_CraneRig_Base.uasset" 516
"../../../Engine/Content/EditorMeshes/Camera/SM_CraneRig_Base.uexp" 517
"../../../Engine/Content/EditorMeshes/Camera/SM_CraneRig_Body.uasset" 518
"../../../Engine/Content/EditorMeshes/Camera/SM_CraneRig_Body.uexp" 519
"../../../Engine/Content/EditorMeshes/Camera/SM_CraneRig_Mount.uasset" 520
"../../../Engine/Content/EditorMeshes/Camera/SM_CraneRig_Mount.uexp" 521
"../../../Engine/Content/EditorMeshes/Camera/SM_RailRig_Mount.uasset" 522
"../../../Engine/Content/EditorMeshes/Camera/SM_RailRig_Mount.uexp" 523
"../../../Engine/Content/EditorMeshes/Camera/SM_RailRig_Track.uasset" 524
"../../../Engine/Content/EditorMeshes/Camera/SM_RailRig_Track.uexp" 525
"../../../Engine/Content/EditorResources/BSPVertex.uasset" 526
"../../../Engine/Content/EditorResources/BSPVertex.uexp" 527
"../../../Engine/Content/EditorResources/EmptyActor.uasset" 528
"../../../Engine/Content/EditorResources/EmptyActor.uexp" 529
"../../../Engine/Content/EditorResources/S_Actor.uasset" 530
"../../../Engine/Content/EditorResources/S_Actor.uexp" 531
"../../../Engine/Content/EditorResources/S_Actor.ubulk" 532
"../../../Engine/Content/EditorResources/S_Note.uasset" 533
"../../../Engine/Content/EditorResources/S_Note.uexp" 534
"../../../Engine/Content/EditorResources/S_Note.ubulk" 535
"../../../Engine/Content/EditorResources/S_Solver.uasset" 536
"../../../Engine/Content/EditorResources/S_Solver.uexp" 537
"../../../Engine/Content/EditorResources/S_Solver.ubulk" 538
"../../../Engine/Content/EditorResources/S_Terrain.uasset" 539
"../../../Engine/Content/EditorResources/S_Terrain.uexp" 540
"../../../Engine/Content/EditorResources/S_Terrain.ubulk" 541
"../../../Engine/Content/EditorResources/S_Trigger.uasset" 542
"../../../Engine/Content/EditorResources/S_Trigger.uexp" 543
"../../../Engine/Content/EditorResources/S_Trigger.ubulk" 544
"../../../Engine/Content/EditorResources/SequenceRecorder/Countdown.uasset" 545
"../../../Engine/Content/EditorResources/SequenceRecorder/Countdown.uexp" 546
"../../../Engine/Content/EditorResources/SequenceRecorder/RecordingIndicator.uasset" 547
"../../../Engine/Content/EditorResources/SequenceRecorder/RecordingIndicator.uexp" 548
"../../../Engine/Content/EngineDamageTypes/DmgTypeBP_Environmental.uasset" 549
"../../../Engine/Content/EngineDamageTypes/DmgTypeBP_Environmental.uexp" 550
"../../../Engine/Content/EngineDebugMaterials/DebugEditorMaterial.uasset" 551
"../../../Engine/Content/EngineDebugMaterials/DebugEditorMaterial.uexp" 552
"../../../Engine/Content/EngineDebugMaterials/DebugMeshMaterial.uasset" 553
"../../../Engine/Content/EngineDebugMaterials/DebugMeshMaterial.uexp" 554
"../../../Engine/Content/EngineDebugMaterials/M_SimpleUnlitTranslucent.uasset" 555
"../../../Engine/Content/EngineDebugMaterials/M_SimpleUnlitTranslucent.uexp" 556
"../../../Engine/Content/EngineDebugMaterials/VolumeToRender.uasset" 557
"../../../Engine/Content/EngineDebugMaterials/VolumeToRender.uexp" 558
"../../../Engine/Content/Functions/Engine_MaterialFunctions02/Utility/CameraDirectionVector.uasset" 559
"../../../Engine/Content/Functions/Engine_MaterialFunctions02/Utility/CameraDirectionVector.uexp" 560
"../../../Engine/Content/EngineDebugMaterials/M_VolumeRenderSphereTracePP.uasset" 561
"../../../Engine/Content/EngineDebugMaterials/M_VolumeRenderSphereTracePP.uexp" 562
"../../../Engine/Content/Functions/Engine_MaterialFunctions01/Shading/ConvertFromDiffSpec.uasset" 563
"../../../Engine/Content/Functions/Engine_MaterialFunctions01/Shading/ConvertFromDiffSpec.uexp" 564
"../../../Engine/Content/EngineDebugMaterials/VertexColorMaterial.uasset" 565
"../../../Engine/Content/EngineDebugMaterials/VertexColorMaterial.uexp" 566
"../../../Engine/Content/EngineDebugMaterials/WireframeMaterial.uasset" 567
"../../../Engine/Content/EngineDebugMaterials/WireframeMaterial.uexp" 568
"../../../Engine/Content/EngineFonts/Faces/RobotoRegular.uasset" 569
"../../../Engine/Content/EngineFonts/Faces/RobotoRegular.uexp" 570
"../../../Engine/Content/EngineFonts/Faces/RobotoRegular.ufont" 571
"../../../Engine/Content/EngineFonts/Faces/RobotoLight.uasset" 572
"../../../Engine/Content/EngineFonts/Faces/RobotoLight.uexp" 573
"../../../Engine/Content/EngineFonts/Faces/RobotoLight.ufont" 574
"../../../Engine/Content/EngineFonts/Faces/RobotoItalic.uasset" 575
"../../../Engine/Content/EngineFonts/Faces/RobotoItalic.uexp" 576
"../../../Engine/Content/EngineFonts/Faces/RobotoItalic.ufont" 577
"../../../Engine/Content/EngineFonts/Faces/RobotoBoldItalic.uasset" 578
"../../../Engine/Content/EngineFonts/Faces/RobotoBoldItalic.uexp" 579
"../../../Engine/Content/EngineFonts/Faces/RobotoBoldItalic.ufont" 580
"../../../Engine/Content/EngineFonts/Faces/RobotoBold.uasset" 581
"../../../Engine/Content/EngineFonts/Faces/RobotoBold.uexp" 582
"../../../Engine/Content/EngineFonts/Faces/RobotoBold.ufont" 583
"../../../Engine/Content/EngineFonts/Faces/DroidSansFallback.uasset" 584
"../../../Engine/Content/EngineFonts/Faces/DroidSansFallback.uexp" 585
"../../../Engine/Content/EngineFonts/Faces/DroidSansFallback.ufont" 586
"../../../Engine/Content/EngineFonts/Roboto.uasset" 587
"../../../Engine/Content/EngineFonts/Roboto.uexp" 588
"../../../Engine/Content/EngineMaterials/BaseFlattenNormalMap.uasset" 589
"../../../Engine/Content/EngineMaterials/BaseFlattenNormalMap.uexp" 590
"../../../Engine/Content/EngineMaterials/BaseFlattenGrayscaleMap.uasset" 591
"../../../Engine/Content/EngineMaterials/BaseFlattenGrayscaleMap.uexp" 592
"../../../Engine/Content/EngineMaterials/BaseFlattenEmissiveMap.uasset" 593
"../../../Engine/Content/EngineMaterials/BaseFlattenEmissiveMap.uexp" 594
"../../../Engine/Content/EngineMaterials/BaseFlattenDiffuseMap.uasset" 595
"../../../Engine/Content/EngineMaterials/BaseFlattenDiffuseMap.uexp" 596
"../../../Engine/Content/EngineMaterials/BaseFlattenMaterial.uasset" 597
"../../../Engine/Content/EngineMaterials/BaseFlattenMaterial.uexp" 598
"../../../Engine/Content/EngineMaterials/BlueNoise.uasset" 599
"../../../Engine/Content/EngineMaterials/BlueNoise.uexp" 600
"../../../Engine/Content/EngineMaterials/DefaultBloomKernel.uasset" 601
"../../../Engine/Content/EngineMaterials/DefaultBloomKernel.uexp" 602
"../../../Engine/Content/EngineMaterials/DefaultBokeh.uasset" 603
"../../../Engine/Content/EngineMaterials/DefaultBokeh.uexp" 604
"../../../Engine/Content/EngineMaterials/DefaultDiffuse.uasset" 605
"../../../Engine/Content/EngineMaterials/DefaultDiffuse.uexp" 606
"../../../Engine/Content/EngineMaterials/DefaultDiffuse.ubulk" 607
"../../../Engine/Content/EngineMaterials/DefaultDeferredDecalMaterial.uasset" 608
"../../../Engine/Content/EngineMaterials/DefaultDeferredDecalMaterial.uexp" 609
"../../../Engine/Content/EngineMaterials/DefaultLightFunctionMaterial.uasset" 610
"../../../Engine/Content/EngineMaterials/DefaultLightFunctionMaterial.uexp" 611
"../../../Engine/Content/EngineMaterials/DefaultPhysicalMaterial.uasset" 612
"../../../Engine/Content/EngineMaterials/DefaultPhysicalMaterial.uexp" 613
"../../../Engine/Content/Functions/Engine_MaterialFunctions02/Utility/BreakOutFloat2Components.uasset" 614
"../../../Engine/Content/Functions/Engine_MaterialFunctions02/Utility/BreakOutFloat2Components.uexp" 615
"../../../Engine/Content/EngineMaterials/DefaultPostProcessMaterial.uasset" 616
"../../../Engine/Content/EngineMaterials/DefaultPostProcessMaterial.uexp" 617
"../../../Engine/Content/EngineFonts/RobotoDistanceField.uasset" 618
"../../../Engine/Content/EngineFonts/RobotoDistanceField.uexp" 619
"../../../Engine/Content/EngineMaterials/DefaultTextMaterialOpaque.uasset" 620
"../../../Engine/Content/EngineMaterials/DefaultTextMaterialOpaque.uexp" 621
"../../../Engine/Content/EngineMaterials/DefaultWhiteGrid.uasset" 622
"../../../Engine/Content/EngineMaterials/DefaultWhiteGrid.uexp" 623
"../../../Engine/Content/EngineMaterials/DefaultWhiteGrid.ubulk" 624
"../../../Engine/Content/EngineMaterials/DefaultWhiteGrid_Low.uasset" 625
"../../../Engine/Content/EngineMaterials/DefaultWhiteGrid_Low.uexp" 626
"../../../Engine/Content/EngineMaterials/EmissiveMeshMaterial.uasset" 627
"../../../Engine/Content/EngineMaterials/EmissiveMeshMaterial.uexp" 628
"../../../Engine/Content/EngineMaterials/GizmoMaterial.uasset" 629
"../../../Engine/Content/EngineMaterials/GizmoMaterial.uexp" 630
"../../../Engine/Content/EngineMaterials/Good64x64TilingNoiseHighFreq.uasset" 631
"../../../Engine/Content/EngineMaterials/Good64x64TilingNoiseHighFreq.uexp" 632
"../../../Engine/Content/EngineMaterials/MiniFont.uasset" 633
"../../../Engine/Content/EngineMaterials/MiniFont.uexp" 634
"../../../Engine/Content/EngineMaterials/InvalidLightmapSettings.uasset" 635
"../../../Engine/Content/EngineMaterials/InvalidLightmapSettings.uexp" 636
"../../../Engine/Content/EngineMaterials/InvalidLightmapSettings.ubulk" 637
"../../../Engine/Content/EngineMaterials/M_InvalidLightmapSettings.uasset" 638
"../../../Engine/Content/EngineMaterials/M_InvalidLightmapSettings.uexp" 639
"../../../Engine/Content/Functions/Engine_MaterialFunctions02/WorldPositionOffset/CameraOffset.uasset" 640
"../../../Engine/Content/Functions/Engine_MaterialFunctions02/WorldPositionOffset/CameraOffset.uexp" 641
"../../../Engine/Content/EngineMaterials/PhAT_JointLimitMaterial.uasset" 642
"../../../Engine/Content/EngineMaterials/PhAT_JointLimitMaterial.uexp" 643
"../../../Engine/Content/EngineMaterials/DefaultCalibrationColor.uasset" 644
"../../../Engine/Content/EngineMaterials/DefaultCalibrationColor.uexp" 645
"../../../Engine/Content/EngineMaterials/PPM_DefaultCalibrationColor.uasset" 646
"../../../Engine/Content/EngineMaterials/PPM_DefaultCalibrationColor.uexp" 647
"../../../Engine/Content/EngineMaterials/DefaultCalibrationGrayscale.uasset" 648
"../../../Engine/Content/EngineMaterials/DefaultCalibrationGrayscale.uexp" 649
"../../../Engine/Content/EngineMaterials/PPM_DefaultCalibrationGrayscale.uasset" 650
"../../../Engine/Content/EngineMaterials/PPM_DefaultCalibrationGrayscale.uexp" 651
"../../../Engine/Content/EngineMaterials/PreintegratedSkinBRDF.uasset" 652
"../../../Engine/Content/EngineMaterials/PreintegratedSkinBRDF.uexp" 653
"../../../Engine/Content/EngineMaterials/RemoveSurfaceMaterial.uasset" 654
"../../../Engine/Content/EngineMaterials/RemoveSurfaceMaterial.uexp" 655
"../../../Engine/Content/EngineMaterials/WeightMapPlaceholderTexture.uasset" 656
"../../../Engine/Content/EngineMaterials/WeightMapPlaceholderTexture.uexp" 657
"../../../Engine/Content/EngineResources/WhiteSquareTexture.uasset" 658
"../../../Engine/Content/EngineResources/WhiteSquareTexture.uexp" 659
"../../../Engine/Content/EngineMaterials/Widget3DPassThrough.uasset" 660
"../../../Engine/Content/EngineMaterials/Widget3DPassThrough.uexp" 661
"../../../Engine/Content/EngineMaterials/Widget3DPassThrough_Masked.uasset" 662
"../../../Engine/Content/EngineMaterials/Widget3DPassThrough_Masked.uexp" 663
"../../../Engine/Content/EngineMaterials/Widget3DPassThrough_Opaque.uasset" 664
"../../../Engine/Content/EngineMaterials/Widget3DPassThrough_Opaque.uexp" 665
"../../../Engine/Content/EngineMaterials/Widget3DPassThrough_Masked_OneSided.uasset" 666
"../../../Engine/Content/EngineMaterials/Widget3DPassThrough_Masked_OneSided.uexp" 667
"../../../Engine/Content/EngineMaterials/Widget3DPassThrough_Opaque_OneSided.uasset" 668
"../../../Engine/Content/EngineMaterials/Widget3DPassThrough_Opaque_OneSided.uexp" 669
"../../../Engine/Content/EngineMaterials/Widget3DPassThrough_Translucent.uasset" 670
"../../../Engine/Content/EngineMaterials/Widget3DPassThrough_Translucent.uexp" 671
"../../../Engine/Content/EngineMaterials/Widget3DPassThrough_Translucent_OneSided.uasset" 672
"../../../Engine/Content/EngineMaterials/Widget3DPassThrough_Translucent_OneSided.uexp" 673
"../../../Engine/Content/EngineMeshes/Cylinder.uasset" 674
"../../../Engine/Content/EngineMeshes/Cylinder.uexp" 675
"../../../Engine/Content/EngineMeshes/Sphere.uasset" 676
"../../../Engine/Content/EngineMeshes/Sphere.uexp" 677
"../../../Engine/Content/EngineResources/DefaultTexture.uasset" 678
"../../../Engine/Content/EngineResources/DefaultTexture.uexp" 679
"../../../Engine/Content/EngineResources/DefaultTexture.ubulk" 680
"../../../Engine/Content/EngineResources/DefaultTextureCube.uasset" 681
"../../../Engine/Content/EngineResources/DefaultTextureCube.uexp" 682
"../../../Engine/Content/EngineResources/DefaultVolumeTexture2D.uasset" 683
"../../../Engine/Content/EngineResources/DefaultVolumeTexture2D.uexp" 684
"../../../Engine/Content/EngineResources/DefaultVolumeTexture.uasset" 685
"../../../Engine/Content/EngineResources/DefaultVolumeTexture.uexp" 686
"../../../Engine/Content/EngineResources/GradientTexture0.uasset" 687
"../../../Engine/Content/EngineResources/GradientTexture0.uexp" 688
"../../../Engine/Content/EngineSky/VolumetricClouds/T_NoiseShape64.uasset" 689
"../../../Engine/Content/EngineSky/VolumetricClouds/T_NoiseShape64.uexp" 690
"../../../Engine/Content/EngineSky/VolumetricClouds/T_NoiseShape64.ubulk" 691
"../../../Engine/Content/EngineSky/VolumetricClouds/T_VolumeNoiseShape64.uasset" 692
"../../../Engine/Content/EngineSky/VolumetricClouds/T_VolumeNoiseShape64.uexp" 693
"../../../Engine/Content/EngineSky/VolumetricClouds/T_NoiseErosion.uasset" 694
"../../../Engine/Content/EngineSky/VolumetricClouds/T_NoiseErosion.uexp" 695
"../../../Engine/Content/EngineSky/VolumetricClouds/T_NoiseErosion.ubulk" 696
"../../../Engine/Content/EngineSky/VolumetricClouds/T_VolumeNoiseErosion32.uasset" 697
"../../../Engine/Content/EngineSky/VolumetricClouds/T_VolumeNoiseErosion32.uexp" 698
"../../../Engine/Content/EngineSky/VolumetricClouds/CloudWeatherTexture.uasset" 699
"../../../Engine/Content/EngineSky/VolumetricClouds/CloudWeatherTexture.uexp" 700
"../../../Engine/Content/EngineSky/VolumetricClouds/CloudGradientTexture.uasset" 701
"../../../Engine/Content/EngineSky/VolumetricClouds/CloudGradientTexture.uexp" 702
"../../../Engine/Content/Functions/Engine_MaterialFunctions02/Utility/MakeFloat2.uasset" 703
"../../../Engine/Content/Functions/Engine_MaterialFunctions02/Utility/MakeFloat2.uexp" 704
"../../../Engine/Content/EngineSky/VolumetricClouds/m_SimpleVolumetricCloud.uasset" 705
"../../../Engine/Content/EngineSky/VolumetricClouds/m_SimpleVolumetricCloud.uexp" 706
"../../../Engine/Content/EngineSky/VolumetricClouds/m_SimpleVolumetricCloud_Inst.uasset" 707
"../../../Engine/Content/EngineSky/VolumetricClouds/m_SimpleVolumetricCloud_Inst.uexp" 708
"../../../Engine/Content/EngineSounds/Master.uasset" 709
"../../../Engine/Content/EngineSounds/Master.uexp" 710
"../../../Engine/Content/Functions/Engine_MaterialFunctions01/Shading/PowerToRoughness.uasset" 711
"../../../Engine/Content/Functions/Engine_MaterialFunctions01/Shading/PowerToRoughness.uexp" 712
"../../../Engine/Content/Maps/Templates/Thumbnails/Default.uasset" 713
"../../../Engine/Content/Maps/Templates/Thumbnails/Default.uexp" 714
"../../../Engine/Content/Maps/Templates/Thumbnails/TimeOfDay.uasset" 715
"../../../Engine/Content/Maps/Templates/Thumbnails/TimeOfDay.uexp" 716
"../../../Engine/Content/Maps/Templates/Thumbnails/VR-Basic.uasset" 717
"../../../Engine/Content/Maps/Templates/Thumbnails/VR-Basic.uexp" 718
"../../../Engine/Content/MobileResources/T_MobileControls_texture.uasset" 719
"../../../Engine/Content/MobileResources/T_MobileControls_texture.uexp" 720
"../../../Engine/Content/MobileResources/T_MobileMenu2.uasset" 721
"../../../Engine/Content/MobileResources/T_MobileMenu2.uexp" 722
"../../../Engine/Content/MobileResources/HUD/AnalogHat.uasset" 723
"../../../Engine/Content/MobileResources/HUD/AnalogHat.uexp" 724
"../../../Engine/Content/MobileResources/HUD/VirtualJoystick_Thumb.uasset" 725
"../../../Engine/Content/MobileResources/HUD/VirtualJoystick_Thumb.uexp" 726
"../../../Engine/Content/MobileResources/HUD/VirtualJoystick_Background.uasset" 727
"../../../Engine/Content/MobileResources/HUD/VirtualJoystick_Background.uexp" 728
"../../../Engine/Content/MobileResources/HUD/DefaultVirtualJoysticks.uasset" 729
"../../../Engine/Content/MobileResources/HUD/DefaultVirtualJoysticks.uexp" 730
"../../../Engine/Content/MobileResources/HUD/LeftVirtualJoystickOnly.uasset" 731
"../../../Engine/Content/MobileResources/HUD/LeftVirtualJoystickOnly.uexp" 732
"../../../Engine/Content/MobileResources/HUD/MobileHUDButton1_off.uasset" 733
"../../../Engine/Content/MobileResources/HUD/MobileHUDButton1_off.uexp" 734
"../../../Engine/Content/MobileResources/HUD/MobileHUDButton1_on.uasset" 735
"../../../Engine/Content/MobileResources/HUD/MobileHUDButton1_on.uexp" 736
"../../../Engine/Content/MobileResources/HUD/MobileHUDButton2_off.uasset" 737
"../../../Engine/Content/MobileResources/HUD/MobileHUDButton2_off.uexp" 738
"../../../Engine/Content/MobileResources/HUD/MobileHUDButton2_on.uasset" 739
"../../../Engine/Content/MobileResources/HUD/MobileHUDButton2_on.uexp" 740
"../../../Engine/Content/MobileResources/HUD/MobileHUDButton3.uasset" 741
"../../../Engine/Content/MobileResources/HUD/MobileHUDButton3.uexp" 742
"../../../Engine/Content/MobileResources/HUD/MobileHUDButtonFire.uasset" 743
"../../../Engine/Content/MobileResources/HUD/MobileHUDButtonFire.uexp" 744
"../../../Engine/Content/MobileResources/HUD/MobileHUDDirectionPad.uasset" 745
"../../../Engine/Content/MobileResources/HUD/MobileHUDDirectionPad.uexp" 746
"../../../Engine/Content/MobileResources/HUD/MobileHUDDirectionPad2.uasset" 747
"../../../Engine/Content/MobileResources/HUD/MobileHUDDirectionPad2.uexp" 748
"../../../Engine/Content/MobileResources/HUD/MobileHUDDirectionPad3.uasset" 749
"../../../Engine/Content/MobileResources/HUD/MobileHUDDirectionPad3.uexp" 750
"../../../Engine/Content/MobileResources/HUD/MobileHUDDirectionStick.uasset" 751
"../../../Engine/Content/MobileResources/HUD/MobileHUDDirectionStick.uexp" 752
"../../../Engine/Content/MobileResources/HUD/T_Castle_ThumbstickInner.uasset" 753
"../../../Engine/Content/MobileResources/HUD/T_Castle_ThumbstickInner.uexp" 754
"../../../Engine/Content/MobileResources/HUD/T_Castle_ThumbstickOutter.uasset" 755
"../../../Engine/Content/MobileResources/HUD/T_Castle_ThumbstickOutter.uexp" 756
"../../../Engine/Content/Tutorial/ContentIntroCurve.uasset" 757
"../../../Engine/Content/Tutorial/ContentIntroCurve.uexp" 758
"../../../Engine/Content/Tutorial/Basics/TutorialAssets/icon_tab_Levels_40x.uasset" 759
"../../../Engine/Content/Tutorial/Basics/TutorialAssets/icon_tab_Levels_40x.uexp" 760
"../../../Engine/Content/Tutorial/BlueprintTutorials/TutorialAssets/Blueprint_64x.uasset" 761
"../../../Engine/Content/Tutorial/BlueprintTutorials/TutorialAssets/Blueprint_64x.uexp" 762
"../../../Engine/Content/Tutorial/BlueprintTutorials/TutorialAssets/BlueprintInterface_64x.uasset" 763
"../../../Engine/Content/Tutorial/BlueprintTutorials/TutorialAssets/BlueprintInterface_64x.uexp" 764
"../../../Engine/Content/Tutorial/BlueprintTutorials/TutorialAssets/Tutorial_BP_Interface.uasset" 765
"../../../Engine/Content/Tutorial/BlueprintTutorials/TutorialAssets/Tutorial_BP_Interface.uexp" 766
"../../../Engine/Content/Tutorial/SubEditors/TutorialAssets/TutorialMaterial.uasset" 767
"../../../Engine/Content/Tutorial/SubEditors/TutorialAssets/TutorialMaterial.uexp" 768
"../../../Engine/Content/VREditor/TransformGizmo/TranslucentTransformGizmoMaterial.uasset" 769
"../../../Engine/Content/VREditor/TransformGizmo/TranslucentTransformGizmoMaterial.uexp" 770
"../../../Engine/Content/VREditor/LaserPointer/VR_LaserPower_01.uasset" 771
"../../../Engine/Content/VREditor/LaserPointer/VR_LaserPower_01.uexp" 772
"../../../Engine/Content/VREditor/LaserPointer/VR_LaserPower_01.ubulk" 773
"../../../Engine/Content/VREditor/TransformGizmo/TransformGizmoMaterial.uasset" 774
"../../../Engine/Content/VREditor/TransformGizmo/TransformGizmoMaterial.uexp" 775
"../../../Engine/Content/VREditor/TransformGizmo/BoundingBoxCorner.uasset" 776
"../../../Engine/Content/VREditor/TransformGizmo/BoundingBoxCorner.uexp" 777
"../../../Engine/Content/VREditor/TransformGizmo/BoundingBoxEdge.uasset" 778
"../../../Engine/Content/VREditor/TransformGizmo/BoundingBoxEdge.uexp" 779
"../../../Engine/Content/VREditor/TransformGizmo/PlaneTranslationHandle.uasset" 780
"../../../Engine/Content/VREditor/TransformGizmo/PlaneTranslationHandle.uexp" 781
"../../../Engine/Content/VREditor/TransformGizmo/Xray.uasset" 782
"../../../Engine/Content/VREditor/TransformGizmo/Xray.uexp" 783
"../../../Engine/Content/VREditor/TransformGizmo/Main.uasset" 784
"../../../Engine/Content/VREditor/TransformGizmo/Main.uexp" 785
"../../../Engine/Content/VREditor/TransformGizmo/SM_Sequencer_Key.uasset" 786
"../../../Engine/Content/VREditor/TransformGizmo/SM_Sequencer_Key.uexp" 787
"../../../Engine/Content/VREditor/TransformGizmo/SM_Sequencer_Node.uasset" 788
"../../../Engine/Content/VREditor/TransformGizmo/SM_Sequencer_Node.uexp" 789
"../../../Engine/Plugins/2D/Paper2D/Content/DummySprite.uasset" 790
"../../../Engine/Plugins/2D/Paper2D/Content/DummySprite.uexp" 791
"../../../Engine/Plugins/2D/Paper2D/Content/DefaultPaperTerrainMaterial.uasset" 792
"../../../Engine/Plugins/2D/Paper2D/Content/DefaultPaperTerrainMaterial.uexp" 793
"../../../Engine/Plugins/2D/Paper2D/Content/DefaultSpriteMaterial.uasset" 794
"../../../Engine/Plugins/2D/Paper2D/Content/DefaultSpriteMaterial.uexp" 795
"../../../Engine/Plugins/2D/Paper2D/Content/MaskedUnlitSpriteMaterial.uasset" 796
"../../../Engine/Plugins/2D/Paper2D/Content/MaskedUnlitSpriteMaterial.uexp" 797
"../../../Engine/Plugins/2D/Paper2D/Content/OpaqueUnlitSpriteMaterial.uasset" 798
"../../../Engine/Plugins/2D/Paper2D/Content/OpaqueUnlitSpriteMaterial.uexp" 799
"../../../Engine/Content/Functions/Engine_MaterialFunctions02/Utility/BreakOutFloat3Components.uasset" 800
"../../../Engine/Content/Functions/Engine_MaterialFunctions02/Utility/BreakOutFloat3Components.uexp" 801
"../../../Engine/Plugins/Editor/SpeedTreeImporter/Content/SpeedTree9/UnpackInteger3.uasset" 802
"../../../Engine/Plugins/Editor/SpeedTreeImporter/Content/SpeedTree9/UnpackInteger3.uexp" 803
"../../../Engine/Plugins/Editor/SpeedTreeImporter/Content/SpeedTree9/UnpackDirection.uasset" 804
"../../../Engine/Plugins/Editor/SpeedTreeImporter/Content/SpeedTree9/UnpackDirection.uexp" 805
"../../../Engine/Plugins/Editor/SpeedTreeImporter/Content/SpeedTree9/game_wind_noise.uasset" 806
"../../../Engine/Plugins/Editor/SpeedTreeImporter/Content/SpeedTree9/game_wind_noise.uexp" 807
"../../../Engine/Plugins/Editor/SpeedTreeImporter/Content/SpeedTree9/game_wind_noise.ubulk" 808
"../../../Engine/Content/Functions/Engine_MaterialFunctions02/SafeNormalize.uasset" 809
"../../../Engine/Content/Functions/Engine_MaterialFunctions02/SafeNormalize.uexp" 810
"../../../Engine/Plugins/Editor/SpeedTreeImporter/Content/SpeedTree9/SpeedTreeWindMotion.uasset" 811
"../../../Engine/Plugins/Editor/SpeedTreeImporter/Content/SpeedTree9/SpeedTreeWindMotion.uexp" 812
"../../../Engine/Plugins/Editor/SpeedTreeImporter/Content/SpeedTree9/SpeedTreeBranchMotion.uasset" 813
"../../../Engine/Plugins/Editor/SpeedTreeImporter/Content/SpeedTree9/SpeedTreeBranchMotion.uexp" 814
"../../../Engine/Content/Functions/Engine_MaterialFunctions02/ObjectLocalBounds.uasset" 815
"../../../Engine/Content/Functions/Engine_MaterialFunctions02/ObjectLocalBounds.uexp" 816
"../../../Engine/Content/Functions/Engine_MaterialFunctions02/UVs/BoundingBoxBased_0-1_UVW.uasset" 817
"../../../Engine/Content/Functions/Engine_MaterialFunctions02/UVs/BoundingBoxBased_0-1_UVW.uexp" 818
"../../../Engine/Content/Functions/Engine_MaterialFunctions02/Utility/VectorLength.uasset" 819
"../../../Engine/Content/Functions/Engine_MaterialFunctions02/Utility/VectorLength.uexp" 820
"../../../Engine/Content/Functions/Engine_MaterialFunctions02/WorldPositionOffset/ObjectScale.uasset" 821
"../../../Engine/Content/Functions/Engine_MaterialFunctions02/WorldPositionOffset/ObjectScale.uexp" 822
"../../../Engine/Plugins/Editor/SpeedTreeImporter/Content/SpeedTree9/SpeedTreeWind.uasset" 823
"../../../Engine/Plugins/Editor/SpeedTreeImporter/Content/SpeedTree9/SpeedTreeWind.uexp" 824
"../../../Engine/Plugins/Editor/SpeedTreeImporter/Content/SpeedTree9/SpeedTreeBillboard.uasset" 825
"../../../Engine/Plugins/Editor/SpeedTreeImporter/Content/SpeedTree9/SpeedTreeBillboard.uexp" 826
"../../../Engine/Plugins/Editor/SpeedTreeImporter/Content/SpeedTree9/EmptyNormal.uasset" 827
"../../../Engine/Plugins/Editor/SpeedTreeImporter/Content/SpeedTree9/EmptyNormal.uexp" 828
"../../../Engine/Plugins/Editor/SpeedTreeImporter/Content/SpeedTree9/Empty.uasset" 829
"../../../Engine/Plugins/Editor/SpeedTreeImporter/Content/SpeedTree9/Empty.uexp" 830
"../../../Engine/Plugins/Editor/SpeedTreeImporter/Content/SpeedTree9/SpeedTreeBillboardMaster.uasset" 831
"../../../Engine/Plugins/Editor/SpeedTreeImporter/Content/SpeedTree9/SpeedTreeBillboardMaster.uexp" 832
"../../../Engine/Plugins/Editor/SpeedTreeImporter/Content/SpeedTree9/SpeedTreeCameraFacing.uasset" 833
"../../../Engine/Plugins/Editor/SpeedTreeImporter/Content/SpeedTree9/SpeedTreeCameraFacing.uexp" 834
"../../../Engine/Plugins/Editor/SpeedTreeImporter/Content/SpeedTree9/SpeedTreeMaster.uasset" 835
"../../../Engine/Plugins/Editor/SpeedTreeImporter/Content/SpeedTree9/SpeedTreeMaster.uexp" 836
"../../../Engine/Content/BasicShapes/Cylinder.uasset" 837
"../../../Engine/Content/BasicShapes/Cylinder.uexp" 838
"../../../Engine/Content/ArtTools/RenderToTexture/Materials/Debug/M_Emissive_Color.uasset" 839
"../../../Engine/Content/ArtTools/RenderToTexture/Materials/Debug/M_Emissive_Color.uexp" 840
"../../../Engine/Plugins/Lumin/MagicLeapPassableWorld/Content/MagicLeapARPinInfoActor.uasset" 841
"../../../Engine/Plugins/Lumin/MagicLeapPassableWorld/Content/MagicLeapARPinInfoActor.uexp" 842
"../../../Engine/Plugins/Runtime/OpenXR/Content/Devices/GoogleDaydream/MRTexture.uasset" 843
"../../../Engine/Plugins/Runtime/OpenXR/Content/Devices/GoogleDaydream/MRTexture.uexp" 844
"../../../Engine/Plugins/Runtime/OpenXR/Content/Devices/GoogleDaydream/MRTexture.ubulk" 845
"../../../Engine/Plugins/Runtime/OpenXR/Content/Devices/GoogleDaydream/BaseTexture.uasset" 846
"../../../Engine/Plugins/Runtime/OpenXR/Content/Devices/GoogleDaydream/BaseTexture.uexp" 847
"../../../Engine/Plugins/Runtime/OpenXR/Content/Devices/GoogleDaydream/BaseTexture.ubulk" 848
"../../../Engine/Content/EngineResources/Black.uasset" 849
"../../../Engine/Content/EngineResources/Black.uexp" 850
"../../../Engine/Plugins/Runtime/OpenXR/Content/Devices/M_XRController.uasset" 851
"../../../Engine/Plugins/Runtime/OpenXR/Content/Devices/M_XRController.uexp" 852
"../../../Engine/Plugins/Runtime/OpenXR/Content/Devices/GoogleDaydream/MI_GoogleDaydream.uasset" 853
"../../../Engine/Plugins/Runtime/OpenXR/Content/Devices/GoogleDaydream/MI_GoogleDaydream.uexp" 854
"../../../Engine/Plugins/Runtime/OpenXR/Content/Devices/GoogleDaydream/GoogleDaydreamController.uasset" 855
"../../../Engine/Plugins/Runtime/OpenXR/Content/Devices/GoogleDaydream/GoogleDaydreamController.uexp" 856
"../../../Engine/Plugins/Runtime/OpenXR/Content/Devices/HTCVive/BaseTexture.uasset" 857
"../../../Engine/Plugins/Runtime/OpenXR/Content/Devices/HTCVive/BaseTexture.uexp" 858
"../../../Engine/Plugins/Runtime/OpenXR/Content/Devices/HTCVive/BaseTexture.ubulk" 859
"../../../Engine/Plugins/Runtime/OpenXR/Content/Devices/HTCVive/MI_HTCVive.uasset" 860
"../../../Engine/Plugins/Runtime/OpenXR/Content/Devices/HTCVive/MI_HTCVive.uexp" 861
"../../../Engine/Plugins/Runtime/OpenXR/Content/Devices/HTCVive/HTCViveController.uasset" 862
"../../../Engine/Plugins/Runtime/OpenXR/Content/Devices/HTCVive/HTCViveController.uexp" 863
"../../../Engine/Plugins/Runtime/OpenXR/Content/Devices/MicrosoftMixedReality/NormalTexture.uasset" 864
"../../../Engine/Plugins/Runtime/OpenXR/Content/Devices/MicrosoftMixedReality/NormalTexture.uexp" 865
"../../../Engine/Plugins/Runtime/OpenXR/Content/Devices/MicrosoftMixedReality/NormalTexture.ubulk" 866
"../../../Engine/Plugins/Runtime/OpenXR/Content/Devices/MicrosoftMixedReality/MRTexture.uasset" 867
"../../../Engine/Plugins/Runtime/OpenXR/Content/Devices/MicrosoftMixedReality/MRTexture.uexp" 868
"../../../Engine/Plugins/Runtime/OpenXR/Content/Devices/MicrosoftMixedReality/MRTexture.ubulk" 869
"../../../Engine/Plugins/Runtime/OpenXR/Content/Devices/MicrosoftMixedReality/EmissiveTexture.uasset" 870
"../../../Engine/Plugins/Runtime/OpenXR/Content/Devices/MicrosoftMixedReality/EmissiveTexture.uexp" 871
"../../../Engine/Plugins/Runtime/OpenXR/Content/Devices/MicrosoftMixedReality/EmissiveTexture.ubulk" 872
"../../../Engine/Plugins/Runtime/OpenXR/Content/Devices/MicrosoftMixedReality/BaseTexture.uasset" 873
"../../../Engine/Plugins/Runtime/OpenXR/Content/Devices/MicrosoftMixedReality/BaseTexture.uexp" 874
"../../../Engine/Plugins/Runtime/OpenXR/Content/Devices/MicrosoftMixedReality/BaseTexture.ubulk" 875
"../../../Engine/Plugins/Runtime/OpenXR/Content/Devices/MicrosoftMixedReality/MI_MicrosoftMixedReality.uasset" 876
"../../../Engine/Plugins/Runtime/OpenXR/Content/Devices/MicrosoftMixedReality/MI_MicrosoftMixedReality.uexp" 877
"../../../Engine/Plugins/Runtime/OpenXR/Content/Devices/MicrosoftMixedReality/Left/left_MicrosoftMixedRealityController.uasset" 878
"../../../Engine/Plugins/Runtime/OpenXR/Content/Devices/MicrosoftMixedReality/Left/left_MicrosoftMixedRealityController.uexp" 879
"../../../Engine/Plugins/Runtime/OpenXR/Content/Devices/MicrosoftMixedReality/Right/right_MicrosoftMixedRealityController.uasset" 880
"../../../Engine/Plugins/Runtime/OpenXR/Content/Devices/MicrosoftMixedReality/Right/right_MicrosoftMixedRealityController.uexp" 881
"../../../Engine/Plugins/Runtime/OpenXR/Content/Devices/OculusGo/BaseTexture.uasset" 882
"../../../Engine/Plugins/Runtime/OpenXR/Content/Devices/OculusGo/BaseTexture.uexp" 883
"../../../Engine/Plugins/Runtime/OpenXR/Content/Devices/OculusGo/BaseTexture.ubulk" 884
"../../../Engine/Plugins/Runtime/OpenXR/Content/Devices/OculusGo/MI_OculusGo.uasset" 885
"../../../Engine/Plugins/Runtime/OpenXR/Content/Devices/OculusGo/MI_OculusGo.uexp" 886
"../../../Engine/Plugins/Runtime/OpenXR/Content/Devices/OculusGo/OculusGoController.uasset" 887
"../../../Engine/Plugins/Runtime/OpenXR/Content/Devices/OculusGo/OculusGoController.uexp" 888
"../../../Engine/Plugins/Runtime/OpenXR/Content/Devices/OculusTouch/MRTexture.uasset" 889
"../../../Engine/Plugins/Runtime/OpenXR/Content/Devices/OculusTouch/MRTexture.uexp" 890
"../../../Engine/Plugins/Runtime/OpenXR/Content/Devices/OculusTouch/MRTexture.ubulk" 891
"../../../Engine/Plugins/Runtime/OpenXR/Content/Devices/OculusTouch/BaseTexture.uasset" 892
"../../../Engine/Plugins/Runtime/OpenXR/Content/Devices/OculusTouch/BaseTexture.uexp" 893
"../../../Engine/Plugins/Runtime/OpenXR/Content/Devices/OculusTouch/BaseTexture.ubulk" 894
"../../../Engine/Plugins/Runtime/OpenXR/Content/Devices/OculusTouch/MI_OculusTouch.uasset" 895
"../../../Engine/Plugins/Runtime/OpenXR/Content/Devices/OculusTouch/MI_OculusTouch.uexp" 896
"../../../Engine/Plugins/Runtime/OpenXR/Content/Devices/OculusTouch/Left/left_OculusTouchController.uasset" 897
"../../../Engine/Plugins/Runtime/OpenXR/Content/Devices/OculusTouch/Left/left_OculusTouchController.uexp" 898
"../../../Engine/Plugins/Runtime/OpenXR/Content/Devices/OculusTouch/Right/right_OculusTouchController.uasset" 899
"../../../Engine/Plugins/Runtime/OpenXR/Content/Devices/OculusTouch/Right/right_OculusTouchController.uexp" 900
"../../../Engine/Plugins/Runtime/OpenXR/Content/Devices/OculusTouch_v2/MRTexture.uasset" 901
"../../../Engine/Plugins/Runtime/OpenXR/Content/Devices/OculusTouch_v2/MRTexture.uexp" 902
"../../../Engine/Plugins/Runtime/OpenXR/Content/Devices/OculusTouch_v2/MRTexture.ubulk" 903
"../../../Engine/Plugins/Runtime/OpenXR/Content/Devices/OculusTouch_v2/BaseTexture.uasset" 904
"../../../Engine/Plugins/Runtime/OpenXR/Content/Devices/OculusTouch_v2/BaseTexture.uexp" 905
"../../../Engine/Plugins/Runtime/OpenXR/Content/Devices/OculusTouch_v2/BaseTexture.ubulk" 906
"../../../Engine/Plugins/Runtime/OpenXR/Content/Devices/OculusTouch_v2/MI_OculusTouch_v2.uasset" 907
"../../../Engine/Plugins/Runtime/OpenXR/Content/Devices/OculusTouch_v2/MI_OculusTouch_v2.uexp" 908
"../../../Engine/Plugins/Runtime/OpenXR/Content/Devices/OculusTouch_v2/Left/left_OculusTouch_v2Controller.uasset" 909
"../../../Engine/Plugins/Runtime/OpenXR/Content/Devices/OculusTouch_v2/Left/left_OculusTouch_v2Controller.uexp" 910
"../../../Engine/Plugins/Runtime/OpenXR/Content/Devices/OculusTouch_v2/Right/right_OculusTouch_v2Controller.uasset" 911
"../../../Engine/Plugins/Runtime/OpenXR/Content/Devices/OculusTouch_v2/Right/right_OculusTouch_v2Controller.uexp" 912
"../../../Engine/Plugins/Runtime/OpenXR/Content/Devices/OculusTouch_v3/MRTexture.uasset" 913
"../../../Engine/Plugins/Runtime/OpenXR/Content/Devices/OculusTouch_v3/MRTexture.uexp" 914
"../../../Engine/Plugins/Runtime/OpenXR/Content/Devices/OculusTouch_v3/MRTexture.ubulk" 915
"../../../Engine/Plugins/Runtime/OpenXR/Content/Devices/OculusTouch_v3/BaseTexture.uasset" 916
"../../../Engine/Plugins/Runtime/OpenXR/Content/Devices/OculusTouch_v3/BaseTexture.uexp" 917
"../../../Engine/Plugins/Runtime/OpenXR/Content/Devices/OculusTouch_v3/BaseTexture.ubulk" 918
"../../../Engine/Plugins/Runtime/OpenXR/Content/Devices/OculusTouch_v3/MI_OculusTouch_v3.uasset" 919
"../../../Engine/Plugins/Runtime/OpenXR/Content/Devices/OculusTouch_v3/MI_OculusTouch_v3.uexp" 920
"../../../Engine/Plugins/Runtime/OpenXR/Content/Devices/OculusTouch_v3/Left/left_OculusTouch_v3Controller.uasset" 921
"../../../Engine/Plugins/Runtime/OpenXR/Content/Devices/OculusTouch_v3/Left/left_OculusTouch_v3Controller.uexp" 922
"../../../Engine/Plugins/Runtime/OpenXR/Content/Devices/OculusTouch_v3/Right/right_OculusTouch_v3Controller.uasset" 923
"../../../Engine/Plugins/Runtime/OpenXR/Content/Devices/OculusTouch_v3/Right/right_OculusTouch_v3Controller.uexp" 924
"../../../Engine/Plugins/Runtime/OpenXR/Content/Devices/ValveIndex/MRTexture.uasset" 925
"../../../Engine/Plugins/Runtime/OpenXR/Content/Devices/ValveIndex/MRTexture.uexp" 926
"../../../Engine/Plugins/Runtime/OpenXR/Content/Devices/ValveIndex/MRTexture.ubulk" 927
"../../../Engine/Plugins/Runtime/OpenXR/Content/Devices/ValveIndex/BaseTexture.uasset" 928
"../../../Engine/Plugins/Runtime/OpenXR/Content/Devices/ValveIndex/BaseTexture.uexp" 929
"../../../Engine/Plugins/Runtime/OpenXR/Content/Devices/ValveIndex/BaseTexture.ubulk" 930
"../../../Engine/Plugins/Runtime/OpenXR/Content/Devices/ValveIndex/Left/MI_left_ValveIndex.uasset" 931
"../../../Engine/Plugins/Runtime/OpenXR/Content/Devices/ValveIndex/Left/MI_left_ValveIndex.uexp" 932
"../../../Engine/Plugins/Runtime/OpenXR/Content/Devices/ValveIndex/Left/left_ValveIndexController.uasset" 933
"../../../Engine/Plugins/Runtime/OpenXR/Content/Devices/ValveIndex/Left/left_ValveIndexController.uexp" 934
"../../../Engine/Plugins/Runtime/OpenXR/Content/Devices/ValveIndex/Right/MI_right_ValveIndex.uasset" 935
"../../../Engine/Plugins/Runtime/OpenXR/Content/Devices/ValveIndex/Right/MI_right_ValveIndex.uexp" 936
"../../../Engine/Plugins/Runtime/OpenXR/Content/Devices/ValveIndex/Right/right_ValveIndexController.uasset" 937
"../../../Engine/Plugins/Runtime/OpenXR/Content/Devices/ValveIndex/Right/right_ValveIndexController.uexp" 938
"../../../Engine/Content/Functions/Engine_MaterialFunctions02/Utility/BreakOutFloat4Components.uasset" 939
"../../../Engine/Content/Functions/Engine_MaterialFunctions02/Utility/BreakOutFloat4Components.uexp" 940
"../../../Engine/Content/Functions/Engine_MaterialFunctions02/Utility/MakeFloat3.uasset" 941
"../../../Engine/Content/Functions/Engine_MaterialFunctions02/Utility/MakeFloat3.uexp" 942
"../../../Engine/Plugins/Runtime/Oculus/OculusVR/Content/Materials/OculusMR_ChromaKey.uasset" 943
"../../../Engine/Plugins/Runtime/Oculus/OculusVR/Content/Materials/OculusMR_ChromaKey.uexp" 944
"../../../Engine/Plugins/Runtime/Oculus/OculusVR/Content/Materials/OculusMR_OpaqueColoredMaterial.uasset" 945
"../../../Engine/Plugins/Runtime/Oculus/OculusVR/Content/Materials/OculusMR_OpaqueColoredMaterial.uexp" 946
"../../../Engine/Plugins/Runtime/Oculus/OculusVR/Content/Materials/PokeAHoleMaterial.uasset" 947
"../../../Engine/Plugins/Runtime/Oculus/OculusVR/Content/Materials/PokeAHoleMaterial.uexp" 948
"../../../Engine/Plugins/Runtime/Oculus/OculusVR/Content/Textures/touchController_controlmap.uasset" 949
"../../../Engine/Plugins/Runtime/Oculus/OculusVR/Content/Textures/touchController_controlmap.uexp" 950
"../../../Engine/Plugins/Runtime/Oculus/OculusVR/Content/Textures/touchController_controlmap.ubulk" 951
"../../../Engine/Plugins/Runtime/Oculus/OculusVR/Content/Textures/touchController_albedo.uasset" 952
"../../../Engine/Plugins/Runtime/Oculus/OculusVR/Content/Textures/touchController_albedo.uexp" 953
"../../../Engine/Plugins/Runtime/Oculus/OculusVR/Content/Textures/touchController_albedo.ubulk" 954
"../../../Engine/Plugins/Runtime/Oculus/OculusVR/Content/Materials/touchController_mat.uasset" 955
"../../../Engine/Plugins/Runtime/Oculus/OculusVR/Content/Materials/touchController_mat.uexp" 956
"../../../Engine/Plugins/Runtime/Oculus/OculusVR/Content/Meshes/LeftTouchController.uasset" 957
"../../../Engine/Plugins/Runtime/Oculus/OculusVR/Content/Meshes/LeftTouchController.uexp" 958
"../../../Engine/Plugins/Runtime/Oculus/OculusVR/Content/Textures/TouchForQuestRiftSController_albedo.uasset" 959
"../../../Engine/Plugins/Runtime/Oculus/OculusVR/Content/Textures/TouchForQuestRiftSController_albedo.uexp" 960
"../../../Engine/Plugins/Runtime/Oculus/OculusVR/Content/Textures/TouchForQuestRiftSController_albedo.ubulk" 961
"../../../Engine/Plugins/Runtime/Oculus/OculusVR/Content/Materials/TouchForQuestRiftSControllerMaterial.uasset" 962
"../../../Engine/Plugins/Runtime/Oculus/OculusVR/Content/Materials/TouchForQuestRiftSControllerMaterial.uexp" 963
"../../../Engine/Plugins/Runtime/Oculus/OculusVR/Content/Meshes/LeftTouchForQuestRiftSController.uasset" 964
"../../../Engine/Plugins/Runtime/Oculus/OculusVR/Content/Meshes/LeftTouchForQuestRiftSController.uexp" 965
"../../../Engine/Plugins/Runtime/Oculus/OculusVR/Content/Meshes/RiftHMD.uasset" 966
"../../../Engine/Plugins/Runtime/Oculus/OculusVR/Content/Meshes/RiftHMD.uexp" 967
"../../../Engine/Plugins/Runtime/Oculus/OculusVR/Content/Meshes/RightTouchController.uasset" 968
"../../../Engine/Plugins/Runtime/Oculus/OculusVR/Content/Meshes/RightTouchController.uexp" 969
"../../../Engine/Plugins/Runtime/Oculus/OculusVR/Content/Meshes/RightTouchForQuestRiftSController.uasset" 970
"../../../Engine/Plugins/Runtime/Oculus/OculusVR/Content/Meshes/RightTouchForQuestRiftSController.uexp" 971
"E:/Unreal projects/RoguelikeThing/Content/UI/Screens/BeginningOfTheJourneyWindow.uasset" 972
"E:/Unreal projects/RoguelikeThing/Content/UI/Screens/BeginningOfTheJourneyWindow.uexp" 973
"E:/Unreal projects/RoguelikeThing/Content/Levels/BeginningOfTheJourneyMap.uexp" 974
"E:/Unreal projects/RoguelikeThing/Content/Levels/BeginningOfTheJourneyMap.umap" 975
"E:/Unreal projects/RoguelikeThing/Content/UI/Screens/MainMenu.uasset" 976
"E:/Unreal projects/RoguelikeThing/Content/UI/Screens/MainMenu.uexp" 977
"E:/Unreal projects/RoguelikeThing/Content/Levels/MainMenu_BuiltData.uasset" 978
"E:/Unreal projects/RoguelikeThing/Content/Levels/MainMenu_BuiltData.uexp" 979
"E:/Unreal projects/RoguelikeThing/Content/Levels/MainMenu.uexp" 980
"E:/Unreal projects/RoguelikeThing/Content/Levels/MainMenu.umap" 981
"E:/Unreal projects/RoguelikeThing/Content/Levels/MapEditor_BuiltData.uasset" 982
"E:/Unreal projects/RoguelikeThing/Content/Levels/MapEditor_BuiltData.uexp" 983
"E:/Unreal projects/RoguelikeThing/Content/Levels/MapEditor.uexp" 984
"E:/Unreal projects/RoguelikeThing/Content/Levels/MapEditor.umap" 985
"E:/Unreal projects/RoguelikeThing/Content/Levels/CorridorsMap_BuiltData.uasset" 986
"E:/Unreal projects/RoguelikeThing/Content/Levels/CorridorsMap_BuiltData.uexp" 987
"E:/Unreal projects/RoguelikeThing/Content/Levels/CorridorsMap.uexp" 988
"E:/Unreal projects/RoguelikeThing/Content/Levels/CorridorsMap.umap" 989
"E:/Unreal projects/RoguelikeThing/Content/UI/Screens/LoadingWindow.uasset" 990
"E:/Unreal projects/RoguelikeThing/Content/UI/Screens/LoadingWindow.uexp" 991
"E:/Unreal projects/RoguelikeThing/Content/Levels/Loading_BuiltData.uasset" 992
"E:/Unreal projects/RoguelikeThing/Content/Levels/Loading_BuiltData.uexp" 993
"E:/Unreal projects/RoguelikeThing/Content/Levels/Loading.uexp" 994
"E:/Unreal projects/RoguelikeThing/Content/Levels/Loading.umap" 995
"../../../Engine/Content/Maps/Entry_BuiltData.uasset" 996
"../../../Engine/Content/Maps/Entry_BuiltData.uexp" 997
"../../../Engine/Content/Maps/Entry.uexp" 998
"../../../Engine/Content/Maps/Entry.umap" 999
